<?xml version="1.0" encoding="UTF-8"?>
<testsuite xmlns:xsi="http://www.w3.org/2001/XMLSchema-instance" xsi:noNamespaceSchemaLocation="https://maven.apache.org/surefire/maven-surefire-plugin/xsd/surefire-test-report.xsd" name="org.openapitools.OpenApiGeneratorApplicationTests" time="4.718" tests="1" errors="0" skipped="0" failures="0">
  <properties>
    <property name="java.specification.version" value="21"/>
    <property name="sun.cpu.isalist" value="amd64"/>
    <property name="sun.jnu.encoding" value="Cp1252"/>
    <property name="java.class.path" value="D:\IIT\3 EME\ARCHITECTURE ORIENTE SERVICE\TP1\menu_java\target\test-classes;D:\IIT\3 EME\ARCHITECTURE ORIENTE SERVICE\TP1\menu_java\target\classes;D:\Dev\Spring\Outils\Maven\depot_local\org\springframework\boot\spring-boot-starter-web\2.7.15\spring-boot-starter-web-2.7.15.jar;D:\Dev\Spring\Outils\Maven\depot_local\org\springframework\boot\spring-boot-starter\2.7.15\spring-boot-starter-2.7.15.jar;D:\Dev\Spring\Outils\Maven\depot_local\org\springframework\boot\spring-boot\2.7.15\spring-boot-2.7.15.jar;D:\Dev\Spring\Outils\Maven\depot_local\org\springframework\boot\spring-boot-autoconfigure\2.7.15\spring-boot-autoconfigure-2.7.15.jar;D:\Dev\Spring\Outils\Maven\depot_local\org\springframework\boot\spring-boot-starter-logging\2.7.15\spring-boot-starter-logging-2.7.15.jar;D:\Dev\Spring\Outils\Maven\depot_local\ch\qos\logback\logback-classic\1.2.12\logback-classic-1.2.12.jar;D:\Dev\Spring\Outils\Maven\depot_local\ch\qos\logback\logback-core\1.2.12\logback-core-1.2.12.jar;D:\Dev\Spring\Outils\Maven\depot_local\org\apache\logging\log4j\log4j-to-slf4j\2.17.2\log4j-to-slf4j-2.17.2.jar;D:\Dev\Spring\Outils\Maven\depot_local\org\apache\logging\log4j\log4j-api\2.17.2\log4j-api-2.17.2.jar;D:\Dev\Spring\Outils\Maven\depot_local\org\slf4j\jul-to-slf4j\1.7.36\jul-to-slf4j-1.7.36.jar;D:\Dev\Spring\Outils\Maven\depot_local\jakarta\annotation\jakarta.annotation-api\1.3.5\jakarta.annotation-api-1.3.5.jar;D:\Dev\Spring\Outils\Maven\depot_local\org\yaml\snakeyaml\1.30\snakeyaml-1.30.jar;D:\Dev\Spring\Outils\Maven\depot_local\org\springframework\boot\spring-boot-starter-json\2.7.15\spring-boot-starter-json-2.7.15.jar;D:\Dev\Spring\Outils\Maven\depot_local\com\fasterxml\jackson\datatype\jackson-datatype-jdk8\2.13.5\jackson-datatype-jdk8-2.13.5.jar;D:\Dev\Spring\Outils\Maven\depot_local\com\fasterxml\jackson\datatype\jackson-datatype-jsr310\2.13.5\jackson-datatype-jsr310-2.13.5.jar;D:\Dev\Spring\Outils\Maven\depot_local\com\fasterxml\jackson\module\jackson-module-parameter-names\2.13.5\jackson-module-parameter-names-2.13.5.jar;D:\Dev\Spring\Outils\Maven\depot_local\org\springframework\boot\spring-boot-starter-tomcat\2.7.15\spring-boot-starter-tomcat-2.7.15.jar;D:\Dev\Spring\Outils\Maven\depot_local\org\apache\tomcat\embed\tomcat-embed-core\9.0.79\tomcat-embed-core-9.0.79.jar;D:\Dev\Spring\Outils\Maven\depot_local\org\apache\tomcat\embed\tomcat-embed-websocket\9.0.79\tomcat-embed-websocket-9.0.79.jar;D:\Dev\Spring\Outils\Maven\depot_local\org\springframework\spring-web\5.3.29\spring-web-5.3.29.jar;D:\Dev\Spring\Outils\Maven\depot_local\org\springframework\spring-beans\5.3.29\spring-beans-5.3.29.jar;D:\Dev\Spring\Outils\Maven\depot_local\org\springframework\spring-webmvc\5.3.29\spring-webmvc-5.3.29.jar;D:\Dev\Spring\Outils\Maven\depot_local\org\springframework\spring-aop\5.3.29\spring-aop-5.3.29.jar;D:\Dev\Spring\Outils\Maven\depot_local\org\springframework\spring-context\5.3.29\spring-context-5.3.29.jar;D:\Dev\Spring\Outils\Maven\depot_local\org\springframework\spring-expression\5.3.29\spring-expression-5.3.29.jar;D:\Dev\Spring\Outils\Maven\depot_local\org\springframework\boot\spring-boot-starter-data-jpa\2.7.15\spring-boot-starter-data-jpa-2.7.15.jar;D:\Dev\Spring\Outils\Maven\depot_local\org\springframework\boot\spring-boot-starter-aop\2.7.15\spring-boot-starter-aop-2.7.15.jar;D:\Dev\Spring\Outils\Maven\depot_local\org\aspectj\aspectjweaver\1.9.7\aspectjweaver-1.9.7.jar;D:\Dev\Spring\Outils\Maven\depot_local\org\springframework\boot\spring-boot-starter-jdbc\2.7.15\spring-boot-starter-jdbc-2.7.15.jar;D:\Dev\Spring\Outils\Maven\depot_local\com\zaxxer\HikariCP\4.0.3\HikariCP-4.0.3.jar;D:\Dev\Spring\Outils\Maven\depot_local\org\springframework\spring-jdbc\5.3.29\spring-jdbc-5.3.29.jar;D:\Dev\Spring\Outils\Maven\depot_local\jakarta\transaction\jakarta.transaction-api\1.3.3\jakarta.transaction-api-1.3.3.jar;D:\Dev\Spring\Outils\Maven\depot_local\jakarta\persistence\jakarta.persistence-api\2.2.3\jakarta.persistence-api-2.2.3.jar;D:\Dev\Spring\Outils\Maven\depot_local\org\hibernate\hibernate-core\5.6.15.Final\hibernate-core-5.6.15.Final.jar;D:\Dev\Spring\Outils\Maven\depot_local\org\jboss\logging\jboss-logging\3.4.3.Final\jboss-logging-3.4.3.Final.jar;D:\Dev\Spring\Outils\Maven\depot_local\net\bytebuddy\byte-buddy\1.12.23\byte-buddy-1.12.23.jar;D:\Dev\Spring\Outils\Maven\depot_local\antlr\antlr\2.7.7\antlr-2.7.7.jar;D:\Dev\Spring\Outils\Maven\depot_local\org\jboss\jandex\2.4.2.Final\jandex-2.4.2.Final.jar;D:\Dev\Spring\Outils\Maven\depot_local\com\fasterxml\classmate\1.5.1\classmate-1.5.1.jar;D:\Dev\Spring\Outils\Maven\depot_local\org\hibernate\common\hibernate-commons-annotations\5.1.2.Final\hibernate-commons-annotations-5.1.2.Final.jar;D:\Dev\Spring\Outils\Maven\depot_local\org\glassfish\jaxb\jaxb-runtime\2.3.8\jaxb-runtime-2.3.8.jar;D:\Dev\Spring\Outils\Maven\depot_local\org\glassfish\jaxb\txw2\2.3.8\txw2-2.3.8.jar;D:\Dev\Spring\Outils\Maven\depot_local\com\sun\istack\istack-commons-runtime\3.0.12\istack-commons-runtime-3.0.12.jar;D:\Dev\Spring\Outils\Maven\depot_local\com\sun\activation\jakarta.activation\1.2.2\jakarta.activation-1.2.2.jar;D:\Dev\Spring\Outils\Maven\depot_local\org\springframework\data\spring-data-jpa\2.7.15\spring-data-jpa-2.7.15.jar;D:\Dev\Spring\Outils\Maven\depot_local\org\springframework\data\spring-data-commons\2.7.15\spring-data-commons-2.7.15.jar;D:\Dev\Spring\Outils\Maven\depot_local\org\springframework\spring-orm\5.3.29\spring-orm-5.3.29.jar;D:\Dev\Spring\Outils\Maven\depot_local\org\springframework\spring-tx\5.3.29\spring-tx-5.3.29.jar;D:\Dev\Spring\Outils\Maven\depot_local\org\slf4j\slf4j-api\1.7.36\slf4j-api-1.7.36.jar;D:\Dev\Spring\Outils\Maven\depot_local\org\springframework\spring-aspects\5.3.29\spring-aspects-5.3.29.jar;D:\Dev\Spring\Outils\Maven\depot_local\com\h2database\h2\2.1.214\h2-2.1.214.jar;D:\Dev\Spring\Outils\Maven\depot_local\org\openapitools\jackson-databind-nullable\0.2.6\jackson-databind-nullable-0.2.6.jar;D:\Dev\Spring\Outils\Maven\depot_local\com\fasterxml\jackson\core\jackson-databind\2.13.5\jackson-databind-2.13.5.jar;D:\Dev\Spring\Outils\Maven\depot_local\com\fasterxml\jackson\core\jackson-annotations\2.13.5\jackson-annotations-2.13.5.jar;D:\Dev\Spring\Outils\Maven\depot_local\com\fasterxml\jackson\core\jackson-core\2.13.5\jackson-core-2.13.5.jar;D:\Dev\Spring\Outils\Maven\depot_local\org\springdoc\springdoc-openapi-ui\1.6.14\springdoc-openapi-ui-1.6.14.jar;D:\Dev\Spring\Outils\Maven\depot_local\org\springdoc\springdoc-openapi-webmvc-core\1.6.14\springdoc-openapi-webmvc-core-1.6.14.jar;D:\Dev\Spring\Outils\Maven\depot_local\org\springdoc\springdoc-openapi-common\1.6.14\springdoc-openapi-common-1.6.14.jar;D:\Dev\Spring\Outils\Maven\depot_local\io\swagger\core\v3\swagger-core\2.2.7\swagger-core-2.2.7.jar;D:\Dev\Spring\Outils\Maven\depot_local\org\apache\commons\commons-lang3\3.12.0\commons-lang3-3.12.0.jar;D:\Dev\Spring\Outils\Maven\depot_local\com\fasterxml\jackson\dataformat\jackson-dataformat-yaml\2.13.5\jackson-dataformat-yaml-2.13.5.jar;D:\Dev\Spring\Outils\Maven\depot_local\io\swagger\core\v3\swagger-annotations\2.2.7\swagger-annotations-2.2.7.jar;D:\Dev\Spring\Outils\Maven\depot_local\io\swagger\core\v3\swagger-models\2.2.7\swagger-models-2.2.7.jar;D:\Dev\Spring\Outils\Maven\depot_local\org\webjars\swagger-ui\4.15.5\swagger-ui-4.15.5.jar;D:\Dev\Spring\Outils\Maven\depot_local\org\webjars\webjars-locator-core\0.50\webjars-locator-core-0.50.jar;D:\Dev\Spring\Outils\Maven\depot_local\io\github\classgraph\classgraph\4.8.149\classgraph-4.8.149.jar;D:\Dev\Spring\Outils\Maven\depot_local\org\springframework\boot\spring-boot-starter-validation\2.7.15\spring-boot-starter-validation-2.7.15.jar;D:\Dev\Spring\Outils\Maven\depot_local\org\apache\tomcat\embed\tomcat-embed-el\9.0.79\tomcat-embed-el-9.0.79.jar;D:\Dev\Spring\Outils\Maven\depot_local\org\hibernate\validator\hibernate-validator\6.2.5.Final\hibernate-validator-6.2.5.Final.jar;D:\Dev\Spring\Outils\Maven\depot_local\jakarta\validation\jakarta.validation-api\2.0.2\jakarta.validation-api-2.0.2.jar;D:\Dev\Spring\Outils\Maven\depot_local\org\springframework\boot\spring-boot-starter-test\2.7.15\spring-boot-starter-test-2.7.15.jar;D:\Dev\Spring\Outils\Maven\depot_local\org\springframework\boot\spring-boot-test\2.7.15\spring-boot-test-2.7.15.jar;D:\Dev\Spring\Outils\Maven\depot_local\org\springframework\boot\spring-boot-test-autoconfigure\2.7.15\spring-boot-test-autoconfigure-2.7.15.jar;D:\Dev\Spring\Outils\Maven\depot_local\com\jayway\jsonpath\json-path\2.7.0\json-path-2.7.0.jar;D:\Dev\Spring\Outils\Maven\depot_local\net\minidev\json-smart\2.4.11\json-smart-2.4.11.jar;D:\Dev\Spring\Outils\Maven\depot_local\net\minidev\accessors-smart\2.4.11\accessors-smart-2.4.11.jar;D:\Dev\Spring\Outils\Maven\depot_local\org\ow2\asm\asm\9.3\asm-9.3.jar;D:\Dev\Spring\Outils\Maven\depot_local\jakarta\xml\bind\jakarta.xml.bind-api\2.3.3\jakarta.xml.bind-api-2.3.3.jar;D:\Dev\Spring\Outils\Maven\depot_local\jakarta\activation\jakarta.activation-api\1.2.2\jakarta.activation-api-1.2.2.jar;D:\Dev\Spring\Outils\Maven\depot_local\org\assertj\assertj-core\3.22.0\assertj-core-3.22.0.jar;D:\Dev\Spring\Outils\Maven\depot_local\org\hamcrest\hamcrest\2.2\hamcrest-2.2.jar;D:\Dev\Spring\Outils\Maven\depot_local\org\junit\jupiter\junit-jupiter\5.8.2\junit-jupiter-5.8.2.jar;D:\Dev\Spring\Outils\Maven\depot_local\org\junit\jupiter\junit-jupiter-api\5.8.2\junit-jupiter-api-5.8.2.jar;D:\Dev\Spring\Outils\Maven\depot_local\org\opentest4j\opentest4j\1.2.0\opentest4j-1.2.0.jar;D:\Dev\Spring\Outils\Maven\depot_local\org\junit\platform\junit-platform-commons\1.8.2\junit-platform-commons-1.8.2.jar;D:\Dev\Spring\Outils\Maven\depot_local\org\apiguardian\apiguardian-api\1.1.2\apiguardian-api-1.1.2.jar;D:\Dev\Spring\Outils\Maven\depot_local\org\junit\jupiter\junit-jupiter-params\5.8.2\junit-jupiter-params-5.8.2.jar;D:\Dev\Spring\Outils\Maven\depot_local\org\junit\jupiter\junit-jupiter-engine\5.8.2\junit-jupiter-engine-5.8.2.jar;D:\Dev\Spring\Outils\Maven\depot_local\org\junit\platform\junit-platform-engine\1.8.2\junit-platform-engine-1.8.2.jar;D:\Dev\Spring\Outils\Maven\depot_local\org\mockito\mockito-core\4.5.1\mockito-core-4.5.1.jar;D:\Dev\Spring\Outils\Maven\depot_local\net\bytebuddy\byte-buddy-agent\1.12.23\byte-buddy-agent-1.12.23.jar;D:\Dev\Spring\Outils\Maven\depot_local\org\objenesis\objenesis\3.2\objenesis-3.2.jar;D:\Dev\Spring\Outils\Maven\depot_local\org\mockito\mockito-junit-jupiter\4.5.1\mockito-junit-jupiter-4.5.1.jar;D:\Dev\Spring\Outils\Maven\depot_local\org\skyscreamer\jsonassert\1.5.1\jsonassert-1.5.1.jar;D:\Dev\Spring\Outils\Maven\depot_local\com\vaadin\external\google\android-json\0.0.20131108.vaadin1\android-json-0.0.20131108.vaadin1.jar;D:\Dev\Spring\Outils\Maven\depot_local\org\springframework\spring-core\5.3.29\spring-core-5.3.29.jar;D:\Dev\Spring\Outils\Maven\depot_local\org\springframework\spring-jcl\5.3.29\spring-jcl-5.3.29.jar;D:\Dev\Spring\Outils\Maven\depot_local\org\springframework\spring-test\5.3.29\spring-test-5.3.29.jar;D:\Dev\Spring\Outils\Maven\depot_local\org\xmlunit\xmlunit-core\2.9.1\xmlunit-core-2.9.1.jar;"/>
    <property name="java.vm.vendor" value="Oracle Corporation"/>
    <property name="sun.arch.data.model" value="64"/>
    <property name="user.variant" value=""/>
    <property name="java.vendor.url" value="https://java.oracle.com/"/>
    <property name="user.timezone" value="Africa/Lagos"/>
    <property name="os.name" value="Windows 11"/>
    <property name="java.vm.specification.version" value="21"/>
    <property name="sun.java.launcher" value="SUN_STANDARD"/>
    <property name="user.country" value="FR"/>
    <property name="sun.boot.library.path" value="C:\Program Files\Java\jdk-21\bin"/>
    <property name="sun.java.command" value="C:\Users\sirin\AppData\Local\Temp\surefire15037129109338096891\surefirebooter5591434873000986807.jar C:\Users\sirin\AppData\Local\Temp\surefire15037129109338096891 2025-10-21T10-48-40_825-jvmRun1 surefire11787082339830277726tmp surefire_0226118971041393955tmp"/>
    <property name="jdk.debug" value="release"/>
    <property name="surefire.test.class.path" value="D:\IIT\3 EME\ARCHITECTURE ORIENTE SERVICE\TP1\menu_java\target\test-classes;D:\IIT\3 EME\ARCHITECTURE ORIENTE SERVICE\TP1\menu_java\target\classes;D:\Dev\Spring\Outils\Maven\depot_local\org\springframework\boot\spring-boot-starter-web\2.7.15\spring-boot-starter-web-2.7.15.jar;D:\Dev\Spring\Outils\Maven\depot_local\org\springframework\boot\spring-boot-starter\2.7.15\spring-boot-starter-2.7.15.jar;D:\Dev\Spring\Outils\Maven\depot_local\org\springframework\boot\spring-boot\2.7.15\spring-boot-2.7.15.jar;D:\Dev\Spring\Outils\Maven\depot_local\org\springframework\boot\spring-boot-autoconfigure\2.7.15\spring-boot-autoconfigure-2.7.15.jar;D:\Dev\Spring\Outils\Maven\depot_local\org\springframework\boot\spring-boot-starter-logging\2.7.15\spring-boot-starter-logging-2.7.15.jar;D:\Dev\Spring\Outils\Maven\depot_local\ch\qos\logback\logback-classic\1.2.12\logback-classic-1.2.12.jar;D:\Dev\Spring\Outils\Maven\depot_local\ch\qos\logback\logback-core\1.2.12\logback-core-1.2.12.jar;D:\Dev\Spring\Outils\Maven\depot_local\org\apache\logging\log4j\log4j-to-slf4j\2.17.2\log4j-to-slf4j-2.17.2.jar;D:\Dev\Spring\Outils\Maven\depot_local\org\apache\logging\log4j\log4j-api\2.17.2\log4j-api-2.17.2.jar;D:\Dev\Spring\Outils\Maven\depot_local\org\slf4j\jul-to-slf4j\1.7.36\jul-to-slf4j-1.7.36.jar;D:\Dev\Spring\Outils\Maven\depot_local\jakarta\annotation\jakarta.annotation-api\1.3.5\jakarta.annotation-api-1.3.5.jar;D:\Dev\Spring\Outils\Maven\depot_local\org\yaml\snakeyaml\1.30\snakeyaml-1.30.jar;D:\Dev\Spring\Outils\Maven\depot_local\org\springframework\boot\spring-boot-starter-json\2.7.15\spring-boot-starter-json-2.7.15.jar;D:\Dev\Spring\Outils\Maven\depot_local\com\fasterxml\jackson\datatype\jackson-datatype-jdk8\2.13.5\jackson-datatype-jdk8-2.13.5.jar;D:\Dev\Spring\Outils\Maven\depot_local\com\fasterxml\jackson\datatype\jackson-datatype-jsr310\2.13.5\jackson-datatype-jsr310-2.13.5.jar;D:\Dev\Spring\Outils\Maven\depot_local\com\fasterxml\jackson\module\jackson-module-parameter-names\2.13.5\jackson-module-parameter-names-2.13.5.jar;D:\Dev\Spring\Outils\Maven\depot_local\org\springframework\boot\spring-boot-starter-tomcat\2.7.15\spring-boot-starter-tomcat-2.7.15.jar;D:\Dev\Spring\Outils\Maven\depot_local\org\apache\tomcat\embed\tomcat-embed-core\9.0.79\tomcat-embed-core-9.0.79.jar;D:\Dev\Spring\Outils\Maven\depot_local\org\apache\tomcat\embed\tomcat-embed-websocket\9.0.79\tomcat-embed-websocket-9.0.79.jar;D:\Dev\Spring\Outils\Maven\depot_local\org\springframework\spring-web\5.3.29\spring-web-5.3.29.jar;D:\Dev\Spring\Outils\Maven\depot_local\org\springframework\spring-beans\5.3.29\spring-beans-5.3.29.jar;D:\Dev\Spring\Outils\Maven\depot_local\org\springframework\spring-webmvc\5.3.29\spring-webmvc-5.3.29.jar;D:\Dev\Spring\Outils\Maven\depot_local\org\springframework\spring-aop\5.3.29\spring-aop-5.3.29.jar;D:\Dev\Spring\Outils\Maven\depot_local\org\springframework\spring-context\5.3.29\spring-context-5.3.29.jar;D:\Dev\Spring\Outils\Maven\depot_local\org\springframework\spring-expression\5.3.29\spring-expression-5.3.29.jar;D:\Dev\Spring\Outils\Maven\depot_local\org\springframework\boot\spring-boot-starter-data-jpa\2.7.15\spring-boot-starter-data-jpa-2.7.15.jar;D:\Dev\Spring\Outils\Maven\depot_local\org\springframework\boot\spring-boot-starter-aop\2.7.15\spring-boot-starter-aop-2.7.15.jar;D:\Dev\Spring\Outils\Maven\depot_local\org\aspectj\aspectjweaver\1.9.7\aspectjweaver-1.9.7.jar;D:\Dev\Spring\Outils\Maven\depot_local\org\springframework\boot\spring-boot-starter-jdbc\2.7.15\spring-boot-starter-jdbc-2.7.15.jar;D:\Dev\Spring\Outils\Maven\depot_local\com\zaxxer\HikariCP\4.0.3\HikariCP-4.0.3.jar;D:\Dev\Spring\Outils\Maven\depot_local\org\springframework\spring-jdbc\5.3.29\spring-jdbc-5.3.29.jar;D:\Dev\Spring\Outils\Maven\depot_local\jakarta\transaction\jakarta.transaction-api\1.3.3\jakarta.transaction-api-1.3.3.jar;D:\Dev\Spring\Outils\Maven\depot_local\jakarta\persistence\jakarta.persistence-api\2.2.3\jakarta.persistence-api-2.2.3.jar;D:\Dev\Spring\Outils\Maven\depot_local\org\hibernate\hibernate-core\5.6.15.Final\hibernate-core-5.6.15.Final.jar;D:\Dev\Spring\Outils\Maven\depot_local\org\jboss\logging\jboss-logging\3.4.3.Final\jboss-logging-3.4.3.Final.jar;D:\Dev\Spring\Outils\Maven\depot_local\net\bytebuddy\byte-buddy\1.12.23\byte-buddy-1.12.23.jar;D:\Dev\Spring\Outils\Maven\depot_local\antlr\antlr\2.7.7\antlr-2.7.7.jar;D:\Dev\Spring\Outils\Maven\depot_local\org\jboss\jandex\2.4.2.Final\jandex-2.4.2.Final.jar;D:\Dev\Spring\Outils\Maven\depot_local\com\fasterxml\classmate\1.5.1\classmate-1.5.1.jar;D:\Dev\Spring\Outils\Maven\depot_local\org\hibernate\common\hibernate-commons-annotations\5.1.2.Final\hibernate-commons-annotations-5.1.2.Final.jar;D:\Dev\Spring\Outils\Maven\depot_local\org\glassfish\jaxb\jaxb-runtime\2.3.8\jaxb-runtime-2.3.8.jar;D:\Dev\Spring\Outils\Maven\depot_local\org\glassfish\jaxb\txw2\2.3.8\txw2-2.3.8.jar;D:\Dev\Spring\Outils\Maven\depot_local\com\sun\istack\istack-commons-runtime\3.0.12\istack-commons-runtime-3.0.12.jar;D:\Dev\Spring\Outils\Maven\depot_local\com\sun\activation\jakarta.activation\1.2.2\jakarta.activation-1.2.2.jar;D:\Dev\Spring\Outils\Maven\depot_local\org\springframework\data\spring-data-jpa\2.7.15\spring-data-jpa-2.7.15.jar;D:\Dev\Spring\Outils\Maven\depot_local\org\springframework\data\spring-data-commons\2.7.15\spring-data-commons-2.7.15.jar;D:\Dev\Spring\Outils\Maven\depot_local\org\springframework\spring-orm\5.3.29\spring-orm-5.3.29.jar;D:\Dev\Spring\Outils\Maven\depot_local\org\springframework\spring-tx\5.3.29\spring-tx-5.3.29.jar;D:\Dev\Spring\Outils\Maven\depot_local\org\slf4j\slf4j-api\1.7.36\slf4j-api-1.7.36.jar;D:\Dev\Spring\Outils\Maven\depot_local\org\springframework\spring-aspects\5.3.29\spring-aspects-5.3.29.jar;D:\Dev\Spring\Outils\Maven\depot_local\com\h2database\h2\2.1.214\h2-2.1.214.jar;D:\Dev\Spring\Outils\Maven\depot_local\org\openapitools\jackson-databind-nullable\0.2.6\jackson-databind-nullable-0.2.6.jar;D:\Dev\Spring\Outils\Maven\depot_local\com\fasterxml\jackson\core\jackson-databind\2.13.5\jackson-databind-2.13.5.jar;D:\Dev\Spring\Outils\Maven\depot_local\com\fasterxml\jackson\core\jackson-annotations\2.13.5\jackson-annotations-2.13.5.jar;D:\Dev\Spring\Outils\Maven\depot_local\com\fasterxml\jackson\core\jackson-core\2.13.5\jackson-core-2.13.5.jar;D:\Dev\Spring\Outils\Maven\depot_local\org\springdoc\springdoc-openapi-ui\1.6.14\springdoc-openapi-ui-1.6.14.jar;D:\Dev\Spring\Outils\Maven\depot_local\org\springdoc\springdoc-openapi-webmvc-core\1.6.14\springdoc-openapi-webmvc-core-1.6.14.jar;D:\Dev\Spring\Outils\Maven\depot_local\org\springdoc\springdoc-openapi-common\1.6.14\springdoc-openapi-common-1.6.14.jar;D:\Dev\Spring\Outils\Maven\depot_local\io\swagger\core\v3\swagger-core\2.2.7\swagger-core-2.2.7.jar;D:\Dev\Spring\Outils\Maven\depot_local\org\apache\commons\commons-lang3\3.12.0\commons-lang3-3.12.0.jar;D:\Dev\Spring\Outils\Maven\depot_local\com\fasterxml\jackson\dataformat\jackson-dataformat-yaml\2.13.5\jackson-dataformat-yaml-2.13.5.jar;D:\Dev\Spring\Outils\Maven\depot_local\io\swagger\core\v3\swagger-annotations\2.2.7\swagger-annotations-2.2.7.jar;D:\Dev\Spring\Outils\Maven\depot_local\io\swagger\core\v3\swagger-models\2.2.7\swagger-models-2.2.7.jar;D:\Dev\Spring\Outils\Maven\depot_local\org\webjars\swagger-ui\4.15.5\swagger-ui-4.15.5.jar;D:\Dev\Spring\Outils\Maven\depot_local\org\webjars\webjars-locator-core\0.50\webjars-locator-core-0.50.jar;D:\Dev\Spring\Outils\Maven\depot_local\io\github\classgraph\classgraph\4.8.149\classgraph-4.8.149.jar;D:\Dev\Spring\Outils\Maven\depot_local\org\springframework\boot\spring-boot-starter-validation\2.7.15\spring-boot-starter-validation-2.7.15.jar;D:\Dev\Spring\Outils\Maven\depot_local\org\apache\tomcat\embed\tomcat-embed-el\9.0.79\tomcat-embed-el-9.0.79.jar;D:\Dev\Spring\Outils\Maven\depot_local\org\hibernate\validator\hibernate-validator\6.2.5.Final\hibernate-validator-6.2.5.Final.jar;D:\Dev\Spring\Outils\Maven\depot_local\jakarta\validation\jakarta.validation-api\2.0.2\jakarta.validation-api-2.0.2.jar;D:\Dev\Spring\Outils\Maven\depot_local\org\springframework\boot\spring-boot-starter-test\2.7.15\spring-boot-starter-test-2.7.15.jar;D:\Dev\Spring\Outils\Maven\depot_local\org\springframework\boot\spring-boot-test\2.7.15\spring-boot-test-2.7.15.jar;D:\Dev\Spring\Outils\Maven\depot_local\org\springframework\boot\spring-boot-test-autoconfigure\2.7.15\spring-boot-test-autoconfigure-2.7.15.jar;D:\Dev\Spring\Outils\Maven\depot_local\com\jayway\jsonpath\json-path\2.7.0\json-path-2.7.0.jar;D:\Dev\Spring\Outils\Maven\depot_local\net\minidev\json-smart\2.4.11\json-smart-2.4.11.jar;D:\Dev\Spring\Outils\Maven\depot_local\net\minidev\accessors-smart\2.4.11\accessors-smart-2.4.11.jar;D:\Dev\Spring\Outils\Maven\depot_local\org\ow2\asm\asm\9.3\asm-9.3.jar;D:\Dev\Spring\Outils\Maven\depot_local\jakarta\xml\bind\jakarta.xml.bind-api\2.3.3\jakarta.xml.bind-api-2.3.3.jar;D:\Dev\Spring\Outils\Maven\depot_local\jakarta\activation\jakarta.activation-api\1.2.2\jakarta.activation-api-1.2.2.jar;D:\Dev\Spring\Outils\Maven\depot_local\org\assertj\assertj-core\3.22.0\assertj-core-3.22.0.jar;D:\Dev\Spring\Outils\Maven\depot_local\org\hamcrest\hamcrest\2.2\hamcrest-2.2.jar;D:\Dev\Spring\Outils\Maven\depot_local\org\junit\jupiter\junit-jupiter\5.8.2\junit-jupiter-5.8.2.jar;D:\Dev\Spring\Outils\Maven\depot_local\org\junit\jupiter\junit-jupiter-api\5.8.2\junit-jupiter-api-5.8.2.jar;D:\Dev\Spring\Outils\Maven\depot_local\org\opentest4j\opentest4j\1.2.0\opentest4j-1.2.0.jar;D:\Dev\Spring\Outils\Maven\depot_local\org\junit\platform\junit-platform-commons\1.8.2\junit-platform-commons-1.8.2.jar;D:\Dev\Spring\Outils\Maven\depot_local\org\apiguardian\apiguardian-api\1.1.2\apiguardian-api-1.1.2.jar;D:\Dev\Spring\Outils\Maven\depot_local\org\junit\jupiter\junit-jupiter-params\5.8.2\junit-jupiter-params-5.8.2.jar;D:\Dev\Spring\Outils\Maven\depot_local\org\junit\jupiter\junit-jupiter-engine\5.8.2\junit-jupiter-engine-5.8.2.jar;D:\Dev\Spring\Outils\Maven\depot_local\org\junit\platform\junit-platform-engine\1.8.2\junit-platform-engine-1.8.2.jar;D:\Dev\Spring\Outils\Maven\depot_local\org\mockito\mockito-core\4.5.1\mockito-core-4.5.1.jar;D:\Dev\Spring\Outils\Maven\depot_local\net\bytebuddy\byte-buddy-agent\1.12.23\byte-buddy-agent-1.12.23.jar;D:\Dev\Spring\Outils\Maven\depot_local\org\objenesis\objenesis\3.2\objenesis-3.2.jar;D:\Dev\Spring\Outils\Maven\depot_local\org\mockito\mockito-junit-jupiter\4.5.1\mockito-junit-jupiter-4.5.1.jar;D:\Dev\Spring\Outils\Maven\depot_local\org\skyscreamer\jsonassert\1.5.1\jsonassert-1.5.1.jar;D:\Dev\Spring\Outils\Maven\depot_local\com\vaadin\external\google\android-json\0.0.20131108.vaadin1\android-json-0.0.20131108.vaadin1.jar;D:\Dev\Spring\Outils\Maven\depot_local\org\springframework\spring-core\5.3.29\spring-core-5.3.29.jar;D:\Dev\Spring\Outils\Maven\depot_local\org\springframework\spring-jcl\5.3.29\spring-jcl-5.3.29.jar;D:\Dev\Spring\Outils\Maven\depot_local\org\springframework\spring-test\5.3.29\spring-test-5.3.29.jar;D:\Dev\Spring\Outils\Maven\depot_local\org\xmlunit\xmlunit-core\2.9.1\xmlunit-core-2.9.1.jar;"/>
    <property name="sun.cpu.endian" value="little"/>
    <property name="user.home" value="C:\Users\sirin"/>
    <property name="user.language" value="fr"/>
    <property name="java.specification.vendor" value="Oracle Corporation"/>
    <property name="java.version.date" value="2024-01-16"/>
    <property name="java.home" value="C:\Program Files\Java\jdk-21"/>
    <property name="file.separator" value="\"/>
    <property name="basedir" value="D:\IIT\3 EME\ARCHITECTURE ORIENTE SERVICE\TP1\menu_java"/>
    <property name="java.vm.compressedOopsMode" value="Zero based"/>
    <property name="line.separator" value="&#10;"/>
    <property name="java.vm.specification.vendor" value="Oracle Corporation"/>
    <property name="java.specification.name" value="Java Platform API Specification"/>
    <property name="surefire.real.class.path" value="C:\Users\sirin\AppData\Local\Temp\surefire15037129109338096891\surefirebooter5591434873000986807.jar"/>
    <property name="user.script" value=""/>
    <property name="sun.management.compiler" value="HotSpot 64-Bit Tiered Compilers"/>
    <property name="java.runtime.version" value="21.0.2+13-LTS-58"/>
    <property name="user.name" value="sirin"/>
    <property name="stdout.encoding" value="Cp1252"/>
    <property name="path.separator" value=";"/>
    <property name="os.version" value="10.0"/>
    <property name="java.runtime.name" value="Java(TM) SE Runtime Environment"/>
    <property name="file.encoding" value="UTF-8"/>
    <property name="java.vm.name" value="Java HotSpot(TM) 64-Bit Server VM"/>
    <property name="localRepository" value="D:\Dev\Spring\Outils\Maven\depot_local"/>
    <property name="java.vendor.url.bug" value="https://bugreport.java.com/bugreport/"/>
    <property name="java.io.tmpdir" value="C:\Users\sirin\AppData\Local\Temp\"/>
    <property name="java.version" value="21.0.2"/>
    <property name="user.dir" value="D:\IIT\3 EME\ARCHITECTURE ORIENTE SERVICE\TP1\menu_java"/>
    <property name="os.arch" value="amd64"/>
    <property name="java.vm.specification.name" value="Java Virtual Machine Specification"/>
    <property name="sun.os.patch.level" value=""/>
    <property name="native.encoding" value="Cp1252"/>
    <property name="java.library.path" value="C:\Program Files\Java\jdk-21\bin;C:\WINDOWS\Sun\Java\bin;C:\WINDOWS\system32;C:\WINDOWS;C:\Users\sirin\bin;C:\Program Files\Git\mingw64\bin;C:\Program Files\Git\usr\local\bin;C:\Program Files\Git\usr\bin;C:\Program Files\Git\usr\bin;C:\Program Files\Git\mingw64\bin;C:\Program Files\Git\usr\bin;C:\Users\sirin\bin;C:\oraclexe\app\oracle\product\11.2.0\server\bin;C:\Users\sirin\AppData\Local\Programs\Python\Python312\Scripts;C:\Users\sirin\AppData\Local\Programs\Python\Python312;C:\Program Files\Common Files\Oracle\Java\javapath;C:\Program Files (x86)\Common Files\Oracle\Java\java8path;C:\Program Files (x86)\Common Files\Oracle\Java\javapath;C:\Program Files (x86)\Common Files\Intel\Shared Libraries\redist\intel64\compiler;C:\Program Files (x86)\VMware\VMware Workstation\bin;C:\Windows\system32;C:\Windows;C:\Windows\System32\Wbem;C:\Windows\System32\WindowsPowerShell\v1.0;C:\Windows\System32\OpenSSH;C:\Program Files (x86)\NVIDIA Corporation\PhysX\Common;C:\Program Files\NVIDIA Corporation\NVIDIA NvDLISR;C:\WINDOWS\system32;C:\WINDOWS;C:\WINDOWS\System32\Wbem;C:\WINDOWS\System32\WindowsPowerShell\v1.0;C:\WINDOWS\System32\OpenSSH;C:\Program Files\Git\cmd;C:\Program Files\nodejs;C:\ProgramData\chocolatey\bin;C:\Program Files\Microsoft SQL Server\150\Tools\Binn;C:\Program Files\Microsoft SQL Server\Client SDK\ODBC\170\Tools\Binn;C:\xampp\php;C:\ProgramData\ComposerSetup\bin;C:\Program Files\Microsoft SQL Server\130\DTS\Binn;C:\Program Files\Microsoft SQL Server\140\DTS\Binn;C:\Program Files\Microsoft SQL Server\150\DTS\Binn;C:\Program Files\Microsoft SQL Server\160\DTS\Binn;C:\Program Files (x86)\Microsoft SQL Server\160\Tools\Binn;C:\Program Files\Microsoft SQL Server\160\Tools\Binn;C:\Program Files (x86)\Microsoft SQL Server\160\DTS\Binn;C:\Program Files\dotnet;C:\Program Files\Java\jdk-21\bin;D:\Dev\Spring\Outils\Maven\apache-maven-3.9.11\bin;C:\Program Files\Docker\Docker\resources\bin;C:\Users\sirin\AppData\Local\Programs\Python\Python313\Scripts;C:\Users\sirin\AppData\Local\Programs\Python\Python313;C:\Users\sirin\AppData\Local\Microsoft\WindowsApps;C:\Users\sirin\AppData\Local\Programs\Microsoft VS Code\bin;C:\ProgramData\Microsoft\Windows\Start Menu\Programs\Git;C:\Users\sirin\AppData\Roaming\npm;C:\Program Files\heroku\bin;C:\Users\sirin\AppData\Local\Programs\mongosh;C:\Users\sirin\AppData\Roaming\Composer\vendor\bin;C:\Mobile\installation\Flutter_SDK\bin;C:\Mobile\installation\Android_SDK\platform-tools;C:\Mobile\installation\Android_SDK\tools;C:\Mobile\installation\Android_SDK\tools\bin;C:\Users\sirin\AppData\Local\Pub\Cache\bin;C:\Users\sirin\.dotnet\tools;C:\Users\sirin\AppData\Roaming\Code\User\globalStorage\github.copilot-chat\debugCommand;C:\Program Files\Git\usr\bin\vendor_perl;C:\Program Files\Git\usr\bin\core_perl;."/>
    <property name="java.vm.info" value="mixed mode, sharing"/>
    <property name="stderr.encoding" value="Cp1252"/>
    <property name="java.vendor" value="Oracle Corporation"/>
    <property name="java.vm.version" value="21.0.2+13-LTS-58"/>
    <property name="sun.io.unicode.encoding" value="UnicodeLittle"/>
    <property name="java.class.version" value="65.0"/>
  </properties>
  <testcase name="contextLoads" classname="org.openapitools.OpenApiGeneratorApplicationTests" time="0.089"/>
</testsuite>