<?xml version="1.0" encoding="UTF-8"?>
<testsuite xmlns:xsi="http://www.w3.org/2001/XMLSchema-instance" xsi:noNamespaceSchemaLocation="https://maven.apache.org/surefire/maven-surefire-plugin/xsd/surefire-test-report.xsd" name="org.openapitools.OpenApiGeneratorApplicationTests" time="3.522" tests="1" errors="1" skipped="0" failures="0">
  <properties>
    <property name="java.specification.version" value="21"/>
    <property name="sun.cpu.isalist" value="amd64"/>
    <property name="sun.jnu.encoding" value="Cp1252"/>
    <property name="java.class.path" value="D:\IIT\3 EME\ARCHITECTURE ORIENTE SERVICE\TP1\menu_java\target\test-classes;D:\IIT\3 EME\ARCHITECTURE ORIENTE SERVICE\TP1\menu_java\target\classes;D:\Dev\Spring\Outils\Maven\depot_local\org\springframework\boot\spring-boot-starter-web\2.7.15\spring-boot-starter-web-2.7.15.jar;D:\Dev\Spring\Outils\Maven\depot_local\org\springframework\boot\spring-boot-starter\2.7.15\spring-boot-starter-2.7.15.jar;D:\Dev\Spring\Outils\Maven\depot_local\org\springframework\boot\spring-boot\2.7.15\spring-boot-2.7.15.jar;D:\Dev\Spring\Outils\Maven\depot_local\org\springframework\boot\spring-boot-autoconfigure\2.7.15\spring-boot-autoconfigure-2.7.15.jar;D:\Dev\Spring\Outils\Maven\depot_local\org\springframework\boot\spring-boot-starter-logging\2.7.15\spring-boot-starter-logging-2.7.15.jar;D:\Dev\Spring\Outils\Maven\depot_local\ch\qos\logback\logback-classic\1.2.12\logback-classic-1.2.12.jar;D:\Dev\Spring\Outils\Maven\depot_local\ch\qos\logback\logback-core\1.2.12\logback-core-1.2.12.jar;D:\Dev\Spring\Outils\Maven\depot_local\org\apache\logging\log4j\log4j-to-slf4j\2.17.2\log4j-to-slf4j-2.17.2.jar;D:\Dev\Spring\Outils\Maven\depot_local\org\apache\logging\log4j\log4j-api\2.17.2\log4j-api-2.17.2.jar;D:\Dev\Spring\Outils\Maven\depot_local\org\slf4j\jul-to-slf4j\1.7.36\jul-to-slf4j-1.7.36.jar;D:\Dev\Spring\Outils\Maven\depot_local\jakarta\annotation\jakarta.annotation-api\1.3.5\jakarta.annotation-api-1.3.5.jar;D:\Dev\Spring\Outils\Maven\depot_local\org\yaml\snakeyaml\1.30\snakeyaml-1.30.jar;D:\Dev\Spring\Outils\Maven\depot_local\org\springframework\boot\spring-boot-starter-json\2.7.15\spring-boot-starter-json-2.7.15.jar;D:\Dev\Spring\Outils\Maven\depot_local\com\fasterxml\jackson\datatype\jackson-datatype-jdk8\2.13.5\jackson-datatype-jdk8-2.13.5.jar;D:\Dev\Spring\Outils\Maven\depot_local\com\fasterxml\jackson\datatype\jackson-datatype-jsr310\2.13.5\jackson-datatype-jsr310-2.13.5.jar;D:\Dev\Spring\Outils\Maven\depot_local\com\fasterxml\jackson\module\jackson-module-parameter-names\2.13.5\jackson-module-parameter-names-2.13.5.jar;D:\Dev\Spring\Outils\Maven\depot_local\org\springframework\boot\spring-boot-starter-tomcat\2.7.15\spring-boot-starter-tomcat-2.7.15.jar;D:\Dev\Spring\Outils\Maven\depot_local\org\apache\tomcat\embed\tomcat-embed-core\9.0.79\tomcat-embed-core-9.0.79.jar;D:\Dev\Spring\Outils\Maven\depot_local\org\apache\tomcat\embed\tomcat-embed-websocket\9.0.79\tomcat-embed-websocket-9.0.79.jar;D:\Dev\Spring\Outils\Maven\depot_local\org\springframework\spring-web\5.3.29\spring-web-5.3.29.jar;D:\Dev\Spring\Outils\Maven\depot_local\org\springframework\spring-beans\5.3.29\spring-beans-5.3.29.jar;D:\Dev\Spring\Outils\Maven\depot_local\org\springframework\spring-webmvc\5.3.29\spring-webmvc-5.3.29.jar;D:\Dev\Spring\Outils\Maven\depot_local\org\springframework\spring-aop\5.3.29\spring-aop-5.3.29.jar;D:\Dev\Spring\Outils\Maven\depot_local\org\springframework\spring-context\5.3.29\spring-context-5.3.29.jar;D:\Dev\Spring\Outils\Maven\depot_local\org\springframework\spring-expression\5.3.29\spring-expression-5.3.29.jar;D:\Dev\Spring\Outils\Maven\depot_local\org\springframework\boot\spring-boot-starter-data-jpa\2.7.15\spring-boot-starter-data-jpa-2.7.15.jar;D:\Dev\Spring\Outils\Maven\depot_local\org\springframework\boot\spring-boot-starter-aop\2.7.15\spring-boot-starter-aop-2.7.15.jar;D:\Dev\Spring\Outils\Maven\depot_local\org\aspectj\aspectjweaver\1.9.7\aspectjweaver-1.9.7.jar;D:\Dev\Spring\Outils\Maven\depot_local\org\springframework\boot\spring-boot-starter-jdbc\2.7.15\spring-boot-starter-jdbc-2.7.15.jar;D:\Dev\Spring\Outils\Maven\depot_local\com\zaxxer\HikariCP\4.0.3\HikariCP-4.0.3.jar;D:\Dev\Spring\Outils\Maven\depot_local\org\springframework\spring-jdbc\5.3.29\spring-jdbc-5.3.29.jar;D:\Dev\Spring\Outils\Maven\depot_local\jakarta\transaction\jakarta.transaction-api\1.3.3\jakarta.transaction-api-1.3.3.jar;D:\Dev\Spring\Outils\Maven\depot_local\jakarta\persistence\jakarta.persistence-api\2.2.3\jakarta.persistence-api-2.2.3.jar;D:\Dev\Spring\Outils\Maven\depot_local\org\hibernate\hibernate-core\5.6.15.Final\hibernate-core-5.6.15.Final.jar;D:\Dev\Spring\Outils\Maven\depot_local\org\jboss\logging\jboss-logging\3.4.3.Final\jboss-logging-3.4.3.Final.jar;D:\Dev\Spring\Outils\Maven\depot_local\net\bytebuddy\byte-buddy\1.12.23\byte-buddy-1.12.23.jar;D:\Dev\Spring\Outils\Maven\depot_local\antlr\antlr\2.7.7\antlr-2.7.7.jar;D:\Dev\Spring\Outils\Maven\depot_local\org\jboss\jandex\2.4.2.Final\jandex-2.4.2.Final.jar;D:\Dev\Spring\Outils\Maven\depot_local\com\fasterxml\classmate\1.5.1\classmate-1.5.1.jar;D:\Dev\Spring\Outils\Maven\depot_local\org\hibernate\common\hibernate-commons-annotations\5.1.2.Final\hibernate-commons-annotations-5.1.2.Final.jar;D:\Dev\Spring\Outils\Maven\depot_local\org\glassfish\jaxb\jaxb-runtime\2.3.8\jaxb-runtime-2.3.8.jar;D:\Dev\Spring\Outils\Maven\depot_local\org\glassfish\jaxb\txw2\2.3.8\txw2-2.3.8.jar;D:\Dev\Spring\Outils\Maven\depot_local\com\sun\istack\istack-commons-runtime\3.0.12\istack-commons-runtime-3.0.12.jar;D:\Dev\Spring\Outils\Maven\depot_local\com\sun\activation\jakarta.activation\1.2.2\jakarta.activation-1.2.2.jar;D:\Dev\Spring\Outils\Maven\depot_local\org\springframework\data\spring-data-jpa\2.7.15\spring-data-jpa-2.7.15.jar;D:\Dev\Spring\Outils\Maven\depot_local\org\springframework\data\spring-data-commons\2.7.15\spring-data-commons-2.7.15.jar;D:\Dev\Spring\Outils\Maven\depot_local\org\springframework\spring-orm\5.3.29\spring-orm-5.3.29.jar;D:\Dev\Spring\Outils\Maven\depot_local\org\springframework\spring-tx\5.3.29\spring-tx-5.3.29.jar;D:\Dev\Spring\Outils\Maven\depot_local\org\slf4j\slf4j-api\1.7.36\slf4j-api-1.7.36.jar;D:\Dev\Spring\Outils\Maven\depot_local\org\springframework\spring-aspects\5.3.29\spring-aspects-5.3.29.jar;D:\Dev\Spring\Outils\Maven\depot_local\com\h2database\h2\2.1.214\h2-2.1.214.jar;D:\Dev\Spring\Outils\Maven\depot_local\org\openapitools\jackson-databind-nullable\0.2.6\jackson-databind-nullable-0.2.6.jar;D:\Dev\Spring\Outils\Maven\depot_local\com\fasterxml\jackson\core\jackson-databind\2.13.5\jackson-databind-2.13.5.jar;D:\Dev\Spring\Outils\Maven\depot_local\com\fasterxml\jackson\core\jackson-annotations\2.13.5\jackson-annotations-2.13.5.jar;D:\Dev\Spring\Outils\Maven\depot_local\com\fasterxml\jackson\core\jackson-core\2.13.5\jackson-core-2.13.5.jar;D:\Dev\Spring\Outils\Maven\depot_local\org\springdoc\springdoc-openapi-ui\1.6.14\springdoc-openapi-ui-1.6.14.jar;D:\Dev\Spring\Outils\Maven\depot_local\org\springdoc\springdoc-openapi-webmvc-core\1.6.14\springdoc-openapi-webmvc-core-1.6.14.jar;D:\Dev\Spring\Outils\Maven\depot_local\org\springdoc\springdoc-openapi-common\1.6.14\springdoc-openapi-common-1.6.14.jar;D:\Dev\Spring\Outils\Maven\depot_local\io\swagger\core\v3\swagger-core\2.2.7\swagger-core-2.2.7.jar;D:\Dev\Spring\Outils\Maven\depot_local\org\apache\commons\commons-lang3\3.12.0\commons-lang3-3.12.0.jar;D:\Dev\Spring\Outils\Maven\depot_local\com\fasterxml\jackson\dataformat\jackson-dataformat-yaml\2.13.5\jackson-dataformat-yaml-2.13.5.jar;D:\Dev\Spring\Outils\Maven\depot_local\io\swagger\core\v3\swagger-annotations\2.2.7\swagger-annotations-2.2.7.jar;D:\Dev\Spring\Outils\Maven\depot_local\io\swagger\core\v3\swagger-models\2.2.7\swagger-models-2.2.7.jar;D:\Dev\Spring\Outils\Maven\depot_local\org\webjars\swagger-ui\4.15.5\swagger-ui-4.15.5.jar;D:\Dev\Spring\Outils\Maven\depot_local\org\webjars\webjars-locator-core\0.50\webjars-locator-core-0.50.jar;D:\Dev\Spring\Outils\Maven\depot_local\io\github\classgraph\classgraph\4.8.149\classgraph-4.8.149.jar;D:\Dev\Spring\Outils\Maven\depot_local\org\springframework\boot\spring-boot-starter-validation\2.7.15\spring-boot-starter-validation-2.7.15.jar;D:\Dev\Spring\Outils\Maven\depot_local\org\apache\tomcat\embed\tomcat-embed-el\9.0.79\tomcat-embed-el-9.0.79.jar;D:\Dev\Spring\Outils\Maven\depot_local\org\hibernate\validator\hibernate-validator\6.2.5.Final\hibernate-validator-6.2.5.Final.jar;D:\Dev\Spring\Outils\Maven\depot_local\jakarta\validation\jakarta.validation-api\2.0.2\jakarta.validation-api-2.0.2.jar;D:\Dev\Spring\Outils\Maven\depot_local\org\springframework\boot\spring-boot-starter-test\2.7.15\spring-boot-starter-test-2.7.15.jar;D:\Dev\Spring\Outils\Maven\depot_local\org\springframework\boot\spring-boot-test\2.7.15\spring-boot-test-2.7.15.jar;D:\Dev\Spring\Outils\Maven\depot_local\org\springframework\boot\spring-boot-test-autoconfigure\2.7.15\spring-boot-test-autoconfigure-2.7.15.jar;D:\Dev\Spring\Outils\Maven\depot_local\com\jayway\jsonpath\json-path\2.7.0\json-path-2.7.0.jar;D:\Dev\Spring\Outils\Maven\depot_local\net\minidev\json-smart\2.4.11\json-smart-2.4.11.jar;D:\Dev\Spring\Outils\Maven\depot_local\net\minidev\accessors-smart\2.4.11\accessors-smart-2.4.11.jar;D:\Dev\Spring\Outils\Maven\depot_local\org\ow2\asm\asm\9.3\asm-9.3.jar;D:\Dev\Spring\Outils\Maven\depot_local\jakarta\xml\bind\jakarta.xml.bind-api\2.3.3\jakarta.xml.bind-api-2.3.3.jar;D:\Dev\Spring\Outils\Maven\depot_local\jakarta\activation\jakarta.activation-api\1.2.2\jakarta.activation-api-1.2.2.jar;D:\Dev\Spring\Outils\Maven\depot_local\org\assertj\assertj-core\3.22.0\assertj-core-3.22.0.jar;D:\Dev\Spring\Outils\Maven\depot_local\org\hamcrest\hamcrest\2.2\hamcrest-2.2.jar;D:\Dev\Spring\Outils\Maven\depot_local\org\junit\jupiter\junit-jupiter\5.8.2\junit-jupiter-5.8.2.jar;D:\Dev\Spring\Outils\Maven\depot_local\org\junit\jupiter\junit-jupiter-api\5.8.2\junit-jupiter-api-5.8.2.jar;D:\Dev\Spring\Outils\Maven\depot_local\org\opentest4j\opentest4j\1.2.0\opentest4j-1.2.0.jar;D:\Dev\Spring\Outils\Maven\depot_local\org\junit\platform\junit-platform-commons\1.8.2\junit-platform-commons-1.8.2.jar;D:\Dev\Spring\Outils\Maven\depot_local\org\apiguardian\apiguardian-api\1.1.2\apiguardian-api-1.1.2.jar;D:\Dev\Spring\Outils\Maven\depot_local\org\junit\jupiter\junit-jupiter-params\5.8.2\junit-jupiter-params-5.8.2.jar;D:\Dev\Spring\Outils\Maven\depot_local\org\junit\jupiter\junit-jupiter-engine\5.8.2\junit-jupiter-engine-5.8.2.jar;D:\Dev\Spring\Outils\Maven\depot_local\org\junit\platform\junit-platform-engine\1.8.2\junit-platform-engine-1.8.2.jar;D:\Dev\Spring\Outils\Maven\depot_local\org\mockito\mockito-core\4.5.1\mockito-core-4.5.1.jar;D:\Dev\Spring\Outils\Maven\depot_local\net\bytebuddy\byte-buddy-agent\1.12.23\byte-buddy-agent-1.12.23.jar;D:\Dev\Spring\Outils\Maven\depot_local\org\objenesis\objenesis\3.2\objenesis-3.2.jar;D:\Dev\Spring\Outils\Maven\depot_local\org\mockito\mockito-junit-jupiter\4.5.1\mockito-junit-jupiter-4.5.1.jar;D:\Dev\Spring\Outils\Maven\depot_local\org\skyscreamer\jsonassert\1.5.1\jsonassert-1.5.1.jar;D:\Dev\Spring\Outils\Maven\depot_local\com\vaadin\external\google\android-json\0.0.20131108.vaadin1\android-json-0.0.20131108.vaadin1.jar;D:\Dev\Spring\Outils\Maven\depot_local\org\springframework\spring-core\5.3.29\spring-core-5.3.29.jar;D:\Dev\Spring\Outils\Maven\depot_local\org\springframework\spring-jcl\5.3.29\spring-jcl-5.3.29.jar;D:\Dev\Spring\Outils\Maven\depot_local\org\springframework\spring-test\5.3.29\spring-test-5.3.29.jar;D:\Dev\Spring\Outils\Maven\depot_local\org\xmlunit\xmlunit-core\2.9.1\xmlunit-core-2.9.1.jar;"/>
    <property name="java.vm.vendor" value="Oracle Corporation"/>
    <property name="sun.arch.data.model" value="64"/>
    <property name="user.variant" value=""/>
    <property name="java.vendor.url" value="https://java.oracle.com/"/>
    <property name="user.timezone" value="Africa/Lagos"/>
    <property name="os.name" value="Windows 11"/>
    <property name="java.vm.specification.version" value="21"/>
    <property name="sun.java.launcher" value="SUN_STANDARD"/>
    <property name="user.country" value="FR"/>
    <property name="sun.boot.library.path" value="C:\Program Files\Java\jdk-21\bin"/>
    <property name="sun.java.command" value="C:\Users\sirin\AppData\Local\Temp\surefire4525155368460257582\surefirebooter6219727603857163330.jar C:\Users\sirin\AppData\Local\Temp\surefire4525155368460257582 2025-10-21T19-32-37_056-jvmRun1 surefire14291065668541113135tmp surefire_012129803753714158652tmp"/>
    <property name="jdk.debug" value="release"/>
    <property name="surefire.test.class.path" value="D:\IIT\3 EME\ARCHITECTURE ORIENTE SERVICE\TP1\menu_java\target\test-classes;D:\IIT\3 EME\ARCHITECTURE ORIENTE SERVICE\TP1\menu_java\target\classes;D:\Dev\Spring\Outils\Maven\depot_local\org\springframework\boot\spring-boot-starter-web\2.7.15\spring-boot-starter-web-2.7.15.jar;D:\Dev\Spring\Outils\Maven\depot_local\org\springframework\boot\spring-boot-starter\2.7.15\spring-boot-starter-2.7.15.jar;D:\Dev\Spring\Outils\Maven\depot_local\org\springframework\boot\spring-boot\2.7.15\spring-boot-2.7.15.jar;D:\Dev\Spring\Outils\Maven\depot_local\org\springframework\boot\spring-boot-autoconfigure\2.7.15\spring-boot-autoconfigure-2.7.15.jar;D:\Dev\Spring\Outils\Maven\depot_local\org\springframework\boot\spring-boot-starter-logging\2.7.15\spring-boot-starter-logging-2.7.15.jar;D:\Dev\Spring\Outils\Maven\depot_local\ch\qos\logback\logback-classic\1.2.12\logback-classic-1.2.12.jar;D:\Dev\Spring\Outils\Maven\depot_local\ch\qos\logback\logback-core\1.2.12\logback-core-1.2.12.jar;D:\Dev\Spring\Outils\Maven\depot_local\org\apache\logging\log4j\log4j-to-slf4j\2.17.2\log4j-to-slf4j-2.17.2.jar;D:\Dev\Spring\Outils\Maven\depot_local\org\apache\logging\log4j\log4j-api\2.17.2\log4j-api-2.17.2.jar;D:\Dev\Spring\Outils\Maven\depot_local\org\slf4j\jul-to-slf4j\1.7.36\jul-to-slf4j-1.7.36.jar;D:\Dev\Spring\Outils\Maven\depot_local\jakarta\annotation\jakarta.annotation-api\1.3.5\jakarta.annotation-api-1.3.5.jar;D:\Dev\Spring\Outils\Maven\depot_local\org\yaml\snakeyaml\1.30\snakeyaml-1.30.jar;D:\Dev\Spring\Outils\Maven\depot_local\org\springframework\boot\spring-boot-starter-json\2.7.15\spring-boot-starter-json-2.7.15.jar;D:\Dev\Spring\Outils\Maven\depot_local\com\fasterxml\jackson\datatype\jackson-datatype-jdk8\2.13.5\jackson-datatype-jdk8-2.13.5.jar;D:\Dev\Spring\Outils\Maven\depot_local\com\fasterxml\jackson\datatype\jackson-datatype-jsr310\2.13.5\jackson-datatype-jsr310-2.13.5.jar;D:\Dev\Spring\Outils\Maven\depot_local\com\fasterxml\jackson\module\jackson-module-parameter-names\2.13.5\jackson-module-parameter-names-2.13.5.jar;D:\Dev\Spring\Outils\Maven\depot_local\org\springframework\boot\spring-boot-starter-tomcat\2.7.15\spring-boot-starter-tomcat-2.7.15.jar;D:\Dev\Spring\Outils\Maven\depot_local\org\apache\tomcat\embed\tomcat-embed-core\9.0.79\tomcat-embed-core-9.0.79.jar;D:\Dev\Spring\Outils\Maven\depot_local\org\apache\tomcat\embed\tomcat-embed-websocket\9.0.79\tomcat-embed-websocket-9.0.79.jar;D:\Dev\Spring\Outils\Maven\depot_local\org\springframework\spring-web\5.3.29\spring-web-5.3.29.jar;D:\Dev\Spring\Outils\Maven\depot_local\org\springframework\spring-beans\5.3.29\spring-beans-5.3.29.jar;D:\Dev\Spring\Outils\Maven\depot_local\org\springframework\spring-webmvc\5.3.29\spring-webmvc-5.3.29.jar;D:\Dev\Spring\Outils\Maven\depot_local\org\springframework\spring-aop\5.3.29\spring-aop-5.3.29.jar;D:\Dev\Spring\Outils\Maven\depot_local\org\springframework\spring-context\5.3.29\spring-context-5.3.29.jar;D:\Dev\Spring\Outils\Maven\depot_local\org\springframework\spring-expression\5.3.29\spring-expression-5.3.29.jar;D:\Dev\Spring\Outils\Maven\depot_local\org\springframework\boot\spring-boot-starter-data-jpa\2.7.15\spring-boot-starter-data-jpa-2.7.15.jar;D:\Dev\Spring\Outils\Maven\depot_local\org\springframework\boot\spring-boot-starter-aop\2.7.15\spring-boot-starter-aop-2.7.15.jar;D:\Dev\Spring\Outils\Maven\depot_local\org\aspectj\aspectjweaver\1.9.7\aspectjweaver-1.9.7.jar;D:\Dev\Spring\Outils\Maven\depot_local\org\springframework\boot\spring-boot-starter-jdbc\2.7.15\spring-boot-starter-jdbc-2.7.15.jar;D:\Dev\Spring\Outils\Maven\depot_local\com\zaxxer\HikariCP\4.0.3\HikariCP-4.0.3.jar;D:\Dev\Spring\Outils\Maven\depot_local\org\springframework\spring-jdbc\5.3.29\spring-jdbc-5.3.29.jar;D:\Dev\Spring\Outils\Maven\depot_local\jakarta\transaction\jakarta.transaction-api\1.3.3\jakarta.transaction-api-1.3.3.jar;D:\Dev\Spring\Outils\Maven\depot_local\jakarta\persistence\jakarta.persistence-api\2.2.3\jakarta.persistence-api-2.2.3.jar;D:\Dev\Spring\Outils\Maven\depot_local\org\hibernate\hibernate-core\5.6.15.Final\hibernate-core-5.6.15.Final.jar;D:\Dev\Spring\Outils\Maven\depot_local\org\jboss\logging\jboss-logging\3.4.3.Final\jboss-logging-3.4.3.Final.jar;D:\Dev\Spring\Outils\Maven\depot_local\net\bytebuddy\byte-buddy\1.12.23\byte-buddy-1.12.23.jar;D:\Dev\Spring\Outils\Maven\depot_local\antlr\antlr\2.7.7\antlr-2.7.7.jar;D:\Dev\Spring\Outils\Maven\depot_local\org\jboss\jandex\2.4.2.Final\jandex-2.4.2.Final.jar;D:\Dev\Spring\Outils\Maven\depot_local\com\fasterxml\classmate\1.5.1\classmate-1.5.1.jar;D:\Dev\Spring\Outils\Maven\depot_local\org\hibernate\common\hibernate-commons-annotations\5.1.2.Final\hibernate-commons-annotations-5.1.2.Final.jar;D:\Dev\Spring\Outils\Maven\depot_local\org\glassfish\jaxb\jaxb-runtime\2.3.8\jaxb-runtime-2.3.8.jar;D:\Dev\Spring\Outils\Maven\depot_local\org\glassfish\jaxb\txw2\2.3.8\txw2-2.3.8.jar;D:\Dev\Spring\Outils\Maven\depot_local\com\sun\istack\istack-commons-runtime\3.0.12\istack-commons-runtime-3.0.12.jar;D:\Dev\Spring\Outils\Maven\depot_local\com\sun\activation\jakarta.activation\1.2.2\jakarta.activation-1.2.2.jar;D:\Dev\Spring\Outils\Maven\depot_local\org\springframework\data\spring-data-jpa\2.7.15\spring-data-jpa-2.7.15.jar;D:\Dev\Spring\Outils\Maven\depot_local\org\springframework\data\spring-data-commons\2.7.15\spring-data-commons-2.7.15.jar;D:\Dev\Spring\Outils\Maven\depot_local\org\springframework\spring-orm\5.3.29\spring-orm-5.3.29.jar;D:\Dev\Spring\Outils\Maven\depot_local\org\springframework\spring-tx\5.3.29\spring-tx-5.3.29.jar;D:\Dev\Spring\Outils\Maven\depot_local\org\slf4j\slf4j-api\1.7.36\slf4j-api-1.7.36.jar;D:\Dev\Spring\Outils\Maven\depot_local\org\springframework\spring-aspects\5.3.29\spring-aspects-5.3.29.jar;D:\Dev\Spring\Outils\Maven\depot_local\com\h2database\h2\2.1.214\h2-2.1.214.jar;D:\Dev\Spring\Outils\Maven\depot_local\org\openapitools\jackson-databind-nullable\0.2.6\jackson-databind-nullable-0.2.6.jar;D:\Dev\Spring\Outils\Maven\depot_local\com\fasterxml\jackson\core\jackson-databind\2.13.5\jackson-databind-2.13.5.jar;D:\Dev\Spring\Outils\Maven\depot_local\com\fasterxml\jackson\core\jackson-annotations\2.13.5\jackson-annotations-2.13.5.jar;D:\Dev\Spring\Outils\Maven\depot_local\com\fasterxml\jackson\core\jackson-core\2.13.5\jackson-core-2.13.5.jar;D:\Dev\Spring\Outils\Maven\depot_local\org\springdoc\springdoc-openapi-ui\1.6.14\springdoc-openapi-ui-1.6.14.jar;D:\Dev\Spring\Outils\Maven\depot_local\org\springdoc\springdoc-openapi-webmvc-core\1.6.14\springdoc-openapi-webmvc-core-1.6.14.jar;D:\Dev\Spring\Outils\Maven\depot_local\org\springdoc\springdoc-openapi-common\1.6.14\springdoc-openapi-common-1.6.14.jar;D:\Dev\Spring\Outils\Maven\depot_local\io\swagger\core\v3\swagger-core\2.2.7\swagger-core-2.2.7.jar;D:\Dev\Spring\Outils\Maven\depot_local\org\apache\commons\commons-lang3\3.12.0\commons-lang3-3.12.0.jar;D:\Dev\Spring\Outils\Maven\depot_local\com\fasterxml\jackson\dataformat\jackson-dataformat-yaml\2.13.5\jackson-dataformat-yaml-2.13.5.jar;D:\Dev\Spring\Outils\Maven\depot_local\io\swagger\core\v3\swagger-annotations\2.2.7\swagger-annotations-2.2.7.jar;D:\Dev\Spring\Outils\Maven\depot_local\io\swagger\core\v3\swagger-models\2.2.7\swagger-models-2.2.7.jar;D:\Dev\Spring\Outils\Maven\depot_local\org\webjars\swagger-ui\4.15.5\swagger-ui-4.15.5.jar;D:\Dev\Spring\Outils\Maven\depot_local\org\webjars\webjars-locator-core\0.50\webjars-locator-core-0.50.jar;D:\Dev\Spring\Outils\Maven\depot_local\io\github\classgraph\classgraph\4.8.149\classgraph-4.8.149.jar;D:\Dev\Spring\Outils\Maven\depot_local\org\springframework\boot\spring-boot-starter-validation\2.7.15\spring-boot-starter-validation-2.7.15.jar;D:\Dev\Spring\Outils\Maven\depot_local\org\apache\tomcat\embed\tomcat-embed-el\9.0.79\tomcat-embed-el-9.0.79.jar;D:\Dev\Spring\Outils\Maven\depot_local\org\hibernate\validator\hibernate-validator\6.2.5.Final\hibernate-validator-6.2.5.Final.jar;D:\Dev\Spring\Outils\Maven\depot_local\jakarta\validation\jakarta.validation-api\2.0.2\jakarta.validation-api-2.0.2.jar;D:\Dev\Spring\Outils\Maven\depot_local\org\springframework\boot\spring-boot-starter-test\2.7.15\spring-boot-starter-test-2.7.15.jar;D:\Dev\Spring\Outils\Maven\depot_local\org\springframework\boot\spring-boot-test\2.7.15\spring-boot-test-2.7.15.jar;D:\Dev\Spring\Outils\Maven\depot_local\org\springframework\boot\spring-boot-test-autoconfigure\2.7.15\spring-boot-test-autoconfigure-2.7.15.jar;D:\Dev\Spring\Outils\Maven\depot_local\com\jayway\jsonpath\json-path\2.7.0\json-path-2.7.0.jar;D:\Dev\Spring\Outils\Maven\depot_local\net\minidev\json-smart\2.4.11\json-smart-2.4.11.jar;D:\Dev\Spring\Outils\Maven\depot_local\net\minidev\accessors-smart\2.4.11\accessors-smart-2.4.11.jar;D:\Dev\Spring\Outils\Maven\depot_local\org\ow2\asm\asm\9.3\asm-9.3.jar;D:\Dev\Spring\Outils\Maven\depot_local\jakarta\xml\bind\jakarta.xml.bind-api\2.3.3\jakarta.xml.bind-api-2.3.3.jar;D:\Dev\Spring\Outils\Maven\depot_local\jakarta\activation\jakarta.activation-api\1.2.2\jakarta.activation-api-1.2.2.jar;D:\Dev\Spring\Outils\Maven\depot_local\org\assertj\assertj-core\3.22.0\assertj-core-3.22.0.jar;D:\Dev\Spring\Outils\Maven\depot_local\org\hamcrest\hamcrest\2.2\hamcrest-2.2.jar;D:\Dev\Spring\Outils\Maven\depot_local\org\junit\jupiter\junit-jupiter\5.8.2\junit-jupiter-5.8.2.jar;D:\Dev\Spring\Outils\Maven\depot_local\org\junit\jupiter\junit-jupiter-api\5.8.2\junit-jupiter-api-5.8.2.jar;D:\Dev\Spring\Outils\Maven\depot_local\org\opentest4j\opentest4j\1.2.0\opentest4j-1.2.0.jar;D:\Dev\Spring\Outils\Maven\depot_local\org\junit\platform\junit-platform-commons\1.8.2\junit-platform-commons-1.8.2.jar;D:\Dev\Spring\Outils\Maven\depot_local\org\apiguardian\apiguardian-api\1.1.2\apiguardian-api-1.1.2.jar;D:\Dev\Spring\Outils\Maven\depot_local\org\junit\jupiter\junit-jupiter-params\5.8.2\junit-jupiter-params-5.8.2.jar;D:\Dev\Spring\Outils\Maven\depot_local\org\junit\jupiter\junit-jupiter-engine\5.8.2\junit-jupiter-engine-5.8.2.jar;D:\Dev\Spring\Outils\Maven\depot_local\org\junit\platform\junit-platform-engine\1.8.2\junit-platform-engine-1.8.2.jar;D:\Dev\Spring\Outils\Maven\depot_local\org\mockito\mockito-core\4.5.1\mockito-core-4.5.1.jar;D:\Dev\Spring\Outils\Maven\depot_local\net\bytebuddy\byte-buddy-agent\1.12.23\byte-buddy-agent-1.12.23.jar;D:\Dev\Spring\Outils\Maven\depot_local\org\objenesis\objenesis\3.2\objenesis-3.2.jar;D:\Dev\Spring\Outils\Maven\depot_local\org\mockito\mockito-junit-jupiter\4.5.1\mockito-junit-jupiter-4.5.1.jar;D:\Dev\Spring\Outils\Maven\depot_local\org\skyscreamer\jsonassert\1.5.1\jsonassert-1.5.1.jar;D:\Dev\Spring\Outils\Maven\depot_local\com\vaadin\external\google\android-json\0.0.20131108.vaadin1\android-json-0.0.20131108.vaadin1.jar;D:\Dev\Spring\Outils\Maven\depot_local\org\springframework\spring-core\5.3.29\spring-core-5.3.29.jar;D:\Dev\Spring\Outils\Maven\depot_local\org\springframework\spring-jcl\5.3.29\spring-jcl-5.3.29.jar;D:\Dev\Spring\Outils\Maven\depot_local\org\springframework\spring-test\5.3.29\spring-test-5.3.29.jar;D:\Dev\Spring\Outils\Maven\depot_local\org\xmlunit\xmlunit-core\2.9.1\xmlunit-core-2.9.1.jar;"/>
    <property name="sun.cpu.endian" value="little"/>
    <property name="user.home" value="C:\Users\sirin"/>
    <property name="user.language" value="fr"/>
    <property name="java.specification.vendor" value="Oracle Corporation"/>
    <property name="java.version.date" value="2024-01-16"/>
    <property name="java.home" value="C:\Program Files\Java\jdk-21"/>
    <property name="spring.profiles.active" value="h2"/>
    <property name="file.separator" value="\"/>
    <property name="basedir" value="D:\IIT\3 EME\ARCHITECTURE ORIENTE SERVICE\TP1\menu_java"/>
    <property name="java.vm.compressedOopsMode" value="Zero based"/>
    <property name="line.separator" value="&#10;"/>
    <property name="java.vm.specification.vendor" value="Oracle Corporation"/>
    <property name="java.specification.name" value="Java Platform API Specification"/>
    <property name="surefire.real.class.path" value="C:\Users\sirin\AppData\Local\Temp\surefire4525155368460257582\surefirebooter6219727603857163330.jar"/>
    <property name="user.script" value=""/>
    <property name="sun.management.compiler" value="HotSpot 64-Bit Tiered Compilers"/>
    <property name="java.runtime.version" value="21.0.2+13-LTS-58"/>
    <property name="user.name" value="sirin"/>
    <property name="stdout.encoding" value="Cp1252"/>
    <property name="path.separator" value=";"/>
    <property name="os.version" value="10.0"/>
    <property name="java.runtime.name" value="Java(TM) SE Runtime Environment"/>
    <property name="file.encoding" value="UTF-8"/>
    <property name="java.vm.name" value="Java HotSpot(TM) 64-Bit Server VM"/>
    <property name="localRepository" value="D:\Dev\Spring\Outils\Maven\depot_local"/>
    <property name="java.vendor.url.bug" value="https://bugreport.java.com/bugreport/"/>
    <property name="java.io.tmpdir" value="C:\Users\sirin\AppData\Local\Temp\"/>
    <property name="java.version" value="21.0.2"/>
    <property name="user.dir" value="D:\IIT\3 EME\ARCHITECTURE ORIENTE SERVICE\TP1\menu_java"/>
    <property name="os.arch" value="amd64"/>
    <property name="java.vm.specification.name" value="Java Virtual Machine Specification"/>
    <property name="sun.os.patch.level" value=""/>
    <property name="native.encoding" value="Cp1252"/>
    <property name="java.library.path" value="C:\Program Files\Java\jdk-21\bin;C:\WINDOWS\Sun\Java\bin;C:\WINDOWS\system32;C:\WINDOWS;C:\Users\sirin\bin;C:\Program Files\Git\mingw64\bin;C:\Program Files\Git\usr\local\bin;C:\Program Files\Git\usr\bin;C:\Program Files\Git\usr\bin;C:\Program Files\Git\mingw64\bin;C:\Program Files\Git\usr\bin;C:\Users\sirin\bin;C:\oraclexe\app\oracle\product\11.2.0\server\bin;C:\Users\sirin\AppData\Local\Programs\Python\Python312\Scripts;C:\Users\sirin\AppData\Local\Programs\Python\Python312;C:\Program Files\Common Files\Oracle\Java\javapath;C:\Program Files (x86)\Common Files\Oracle\Java\java8path;C:\Program Files (x86)\Common Files\Oracle\Java\javapath;C:\Program Files (x86)\Common Files\Intel\Shared Libraries\redist\intel64\compiler;C:\Program Files (x86)\VMware\VMware Workstation\bin;C:\Windows\system32;C:\Windows;C:\Windows\System32\Wbem;C:\Windows\System32\WindowsPowerShell\v1.0;C:\Windows\System32\OpenSSH;C:\Program Files (x86)\NVIDIA Corporation\PhysX\Common;C:\Program Files\NVIDIA Corporation\NVIDIA NvDLISR;C:\WINDOWS\system32;C:\WINDOWS;C:\WINDOWS\System32\Wbem;C:\WINDOWS\System32\WindowsPowerShell\v1.0;C:\WINDOWS\System32\OpenSSH;C:\Program Files\Git\cmd;C:\Program Files\nodejs;C:\ProgramData\chocolatey\bin;C:\Program Files\Microsoft SQL Server\150\Tools\Binn;C:\Program Files\Microsoft SQL Server\Client SDK\ODBC\170\Tools\Binn;C:\xampp\php;C:\ProgramData\ComposerSetup\bin;C:\Program Files\Microsoft SQL Server\130\DTS\Binn;C:\Program Files\Microsoft SQL Server\140\DTS\Binn;C:\Program Files\Microsoft SQL Server\150\DTS\Binn;C:\Program Files\Microsoft SQL Server\160\DTS\Binn;C:\Program Files (x86)\Microsoft SQL Server\160\Tools\Binn;C:\Program Files\Microsoft SQL Server\160\Tools\Binn;C:\Program Files (x86)\Microsoft SQL Server\160\DTS\Binn;C:\Program Files\dotnet;C:\Program Files\Java\jdk-21\bin;D:\Dev\Spring\Outils\Maven\apache-maven-3.9.11\bin;C:\Program Files\Docker\Docker\resources\bin;C:\Users\sirin\AppData\Local\Programs\Python\Python313\Scripts;C:\Users\sirin\AppData\Local\Programs\Python\Python313;C:\Users\sirin\AppData\Local\Microsoft\WindowsApps;C:\Users\sirin\AppData\Local\Programs\Microsoft VS Code\bin;C:\ProgramData\Microsoft\Windows\Start Menu\Programs\Git;C:\Users\sirin\AppData\Roaming\npm;C:\Program Files\heroku\bin;C:\Users\sirin\AppData\Local\Programs\mongosh;C:\Users\sirin\AppData\Roaming\Composer\vendor\bin;C:\Mobile\installation\Flutter_SDK\bin;C:\Mobile\installation\Android_SDK\platform-tools;C:\Mobile\installation\Android_SDK\tools;C:\Mobile\installation\Android_SDK\tools\bin;C:\Users\sirin\AppData\Local\Pub\Cache\bin;C:\Users\sirin\.dotnet\tools;C:\Users\sirin\AppData\Roaming\Code\User\globalStorage\github.copilot-chat\debugCommand;C:\Program Files\Git\usr\bin\vendor_perl;C:\Program Files\Git\usr\bin\core_perl;."/>
    <property name="java.vm.info" value="mixed mode, sharing"/>
    <property name="stderr.encoding" value="Cp1252"/>
    <property name="java.vendor" value="Oracle Corporation"/>
    <property name="java.vm.version" value="21.0.2+13-LTS-58"/>
    <property name="sun.io.unicode.encoding" value="UnicodeLittle"/>
    <property name="java.class.version" value="65.0"/>
  </properties>
  <testcase name="contextLoads" classname="org.openapitools.OpenApiGeneratorApplicationTests" time="0.008">
    <error message="Failed to load ApplicationContext" type="java.lang.IllegalStateException">java.lang.IllegalStateException: Failed to load ApplicationContext
Caused by: org.springframework.beans.factory.UnsatisfiedDependencyException: Error creating bean with name 'com.speed_liv.menu.api.RestaurantController' defined in file [D:\IIT\3 EME\ARCHITECTURE ORIENTE SERVICE\TP1\menu_java\target\classes\com\speed_liv\menu\api\RestaurantController.class]: Unsatisfied dependency expressed through constructor parameter 0; nested exception is org.springframework.beans.factory.UnsatisfiedDependencyException: Error creating bean with name 'com.speed_liv.menu.service.RestaurantService' defined in file [D:\IIT\3 EME\ARCHITECTURE ORIENTE SERVICE\TP1\menu_java\target\classes\com\speed_liv\menu\service\RestaurantService.class]: Unsatisfied dependency expressed through constructor parameter 0; nested exception is org.springframework.beans.factory.NoSuchBeanDefinitionException: No qualifying bean of type 'com.speed_liv.menu.model.repository.RestaurantRepository' available: expected at least 1 bean which qualifies as autowire candidate. Dependency annotations: {}
Caused by: org.springframework.beans.factory.UnsatisfiedDependencyException: Error creating bean with name 'com.speed_liv.menu.service.RestaurantService' defined in file [D:\IIT\3 EME\ARCHITECTURE ORIENTE SERVICE\TP1\menu_java\target\classes\com\speed_liv\menu\service\RestaurantService.class]: Unsatisfied dependency expressed through constructor parameter 0; nested exception is org.springframework.beans.factory.NoSuchBeanDefinitionException: No qualifying bean of type 'com.speed_liv.menu.model.repository.RestaurantRepository' available: expected at least 1 bean which qualifies as autowire candidate. Dependency annotations: {}
Caused by: org.springframework.beans.factory.NoSuchBeanDefinitionException: No qualifying bean of type 'com.speed_liv.menu.model.repository.RestaurantRepository' available: expected at least 1 bean which qualifies as autowire candidate. Dependency annotations: {}
</error>
    <system-out><![CDATA[19:32:37.799 [main] DEBUG org.springframework.test.context.BootstrapUtils - Instantiating CacheAwareContextLoaderDelegate from class [org.springframework.test.context.cache.DefaultCacheAwareContextLoaderDelegate]
19:32:37.809 [main] DEBUG org.springframework.test.context.BootstrapUtils - Instantiating BootstrapContext using constructor [public org.springframework.test.context.support.DefaultBootstrapContext(java.lang.Class,org.springframework.test.context.CacheAwareContextLoaderDelegate)]
19:32:37.842 [main] DEBUG org.springframework.test.context.BootstrapUtils - Instantiating TestContextBootstrapper for test class [org.openapitools.OpenApiGeneratorApplicationTests] from class [org.springframework.boot.test.context.SpringBootTestContextBootstrapper]
19:32:37.853 [main] INFO org.springframework.boot.test.context.SpringBootTestContextBootstrapper - Neither @ContextConfiguration nor @ContextHierarchy found for test class [org.openapitools.OpenApiGeneratorApplicationTests], using SpringBootContextLoader
19:32:37.855 [main] DEBUG org.springframework.test.context.support.AbstractContextLoader - Did not detect default resource location for test class [org.openapitools.OpenApiGeneratorApplicationTests]: class path resource [org/openapitools/OpenApiGeneratorApplicationTests-context.xml] does not exist
19:32:37.856 [main] DEBUG org.springframework.test.context.support.AbstractContextLoader - Did not detect default resource location for test class [org.openapitools.OpenApiGeneratorApplicationTests]: class path resource [org/openapitools/OpenApiGeneratorApplicationTestsContext.groovy] does not exist
19:32:37.856 [main] INFO org.springframework.test.context.support.AbstractContextLoader - Could not detect default resource locations for test class [org.openapitools.OpenApiGeneratorApplicationTests]: no resource found for suffixes {-context.xml, Context.groovy}.
19:32:38.001 [main] DEBUG org.springframework.boot.test.context.SpringBootTestContextBootstrapper - @TestExecutionListeners is not present for class [org.openapitools.OpenApiGeneratorApplicationTests]: using defaults.
19:32:38.001 [main] INFO org.springframework.boot.test.context.SpringBootTestContextBootstrapper - Loaded default TestExecutionListener class names from location [META-INF/spring.factories]: [org.springframework.boot.test.mock.mockito.MockitoTestExecutionListener, org.springframework.boot.test.mock.mockito.ResetMocksTestExecutionListener, org.springframework.boot.test.autoconfigure.restdocs.RestDocsTestExecutionListener, org.springframework.boot.test.autoconfigure.web.client.MockRestServiceServerResetTestExecutionListener, org.springframework.boot.test.autoconfigure.web.servlet.MockMvcPrintOnlyOnFailureTestExecutionListener, org.springframework.boot.test.autoconfigure.web.servlet.WebDriverTestExecutionListener, org.springframework.boot.test.autoconfigure.webservices.client.MockWebServiceServerTestExecutionListener, org.springframework.test.context.web.ServletTestExecutionListener, org.springframework.test.context.support.DirtiesContextBeforeModesTestExecutionListener, org.springframework.test.context.event.ApplicationEventsTestExecutionListener, org.springframework.test.context.support.DependencyInjectionTestExecutionListener, org.springframework.test.context.support.DirtiesContextTestExecutionListener, org.springframework.test.context.transaction.TransactionalTestExecutionListener, org.springframework.test.context.jdbc.SqlScriptsTestExecutionListener, org.springframework.test.context.event.EventPublishingTestExecutionListener]
19:32:38.019 [main] INFO org.springframework.boot.test.context.SpringBootTestContextBootstrapper - Using TestExecutionListeners: [org.springframework.test.context.web.ServletTestExecutionListener@38ba6ce3, org.springframework.test.context.support.DirtiesContextBeforeModesTestExecutionListener@d278d2b, org.springframework.test.context.event.ApplicationEventsTestExecutionListener@2d6c53fc, org.springframework.boot.test.mock.mockito.MockitoTestExecutionListener@25f4878b, org.springframework.boot.test.autoconfigure.SpringBootDependencyInjectionTestExecutionListener@4e423aa2, org.springframework.test.context.support.DirtiesContextTestExecutionListener@7fbdb894, org.springframework.test.context.transaction.TransactionalTestExecutionListener@3081f72c, org.springframework.test.context.jdbc.SqlScriptsTestExecutionListener@3148f668, org.springframework.test.context.event.EventPublishingTestExecutionListener@6e005dc9, org.springframework.boot.test.mock.mockito.ResetMocksTestExecutionListener@7ceb3185, org.springframework.boot.test.autoconfigure.restdocs.RestDocsTestExecutionListener@436c81a3, org.springframework.boot.test.autoconfigure.web.client.MockRestServiceServerResetTestExecutionListener@3561c410, org.springframework.boot.test.autoconfigure.web.servlet.MockMvcPrintOnlyOnFailureTestExecutionListener@59e32960, org.springframework.boot.test.autoconfigure.web.servlet.WebDriverTestExecutionListener@7c214cc0, org.springframework.boot.test.autoconfigure.webservices.client.MockWebServiceServerTestExecutionListener@5b67bb7e]
19:32:38.023 [main] DEBUG org.springframework.test.context.support.AbstractDirtiesContextTestExecutionListener - Before test class: context [DefaultTestContext@43b9fd5 testClass = OpenApiGeneratorApplicationTests, testInstance = [null], testMethod = [null], testException = [null], mergedContextConfiguration = [WebMergedContextConfiguration@79dc5318 testClass = OpenApiGeneratorApplicationTests, locations = '{}', classes = '{class org.openapitools.OpenApiGeneratorApplication}', contextInitializerClasses = '[]', activeProfiles = '{h2}', propertySourceLocations = '{}', propertySourceProperties = '{org.springframework.boot.test.context.SpringBootTestContextBootstrapper=true}', contextCustomizers = set[org.springframework.boot.test.context.filter.ExcludeFilterContextCustomizer@76c3e77a, org.springframework.boot.test.json.DuplicateJsonObjectContextCustomizerFactory$DuplicateJsonObjectContextCustomizer@fa49800, org.springframework.boot.test.mock.mockito.MockitoContextCustomizer@0, org.springframework.boot.test.web.client.TestRestTemplateContextCustomizer@56cdfb3b, org.springframework.boot.test.autoconfigure.actuate.metrics.MetricsExportContextCustomizerFactory$DisableMetricExportContextCustomizer@3f6b0be5, org.springframework.boot.test.autoconfigure.properties.PropertyMappingContextCustomizer@0, org.springframework.boot.test.autoconfigure.web.servlet.WebDriverContextCustomizerFactory$Customizer@e15b7e8, org.springframework.boot.test.context.SpringBootTestArgs@1, org.springframework.boot.test.context.SpringBootTestWebEnvironment@7b69c6ba], resourceBasePath = 'src/main/webapp', contextLoader = 'org.springframework.boot.test.context.SpringBootContextLoader', parent = [null]], attributes = map['org.springframework.test.context.web.ServletTestExecutionListener.activateListener' -> true]], class annotated with @DirtiesContext [false] with mode [null].

  .   ____          _            __ _ _
 /\\ / ___'_ __ _ _(_)_ __  __ _ \ \ \ \
( ( )\___ | '_ | '_| | '_ \/ _` | \ \ \ \
 \\/  ___)| |_)| | | | | || (_| |  ) ) ) )
  '  |____| .__|_| |_|_| |_\__, | / / / /
 =========|_|==============|___/=/_/_/_/
 :: Spring Boot ::               (v2.7.15)

2025-10-21 19:32:38.352  INFO 23024 --- [           main] o.o.OpenApiGeneratorApplicationTests     : Starting OpenApiGeneratorApplicationTests using Java 21.0.2 on LAPTOP-1F3D8GM7 with PID 23024 (started by sirin in D:\IIT\3 EME\ARCHITECTURE ORIENTE SERVICE\TP1\menu_java)
2025-10-21 19:32:38.354  INFO 23024 --- [           main] o.o.OpenApiGeneratorApplicationTests     : The following 1 profile is active: "h2"
2025-10-21 19:32:38.978  INFO 23024 --- [           main] .s.d.r.c.RepositoryConfigurationDelegate : Bootstrapping Spring Data JPA repositories in DEFAULT mode.
2025-10-21 19:32:38.993  INFO 23024 --- [           main] .s.d.r.c.RepositoryConfigurationDelegate : Finished Spring Data repository scanning in 4 ms. Found 0 JPA repository interfaces.
2025-10-21 19:32:39.759  INFO 23024 --- [           main] o.hibernate.jpa.internal.util.LogHelper  : HHH000204: Processing PersistenceUnitInfo [name: default]
2025-10-21 19:32:39.863  INFO 23024 --- [           main] org.hibernate.Version                    : HHH000412: Hibernate ORM core version 5.6.15.Final
2025-10-21 19:32:40.081  INFO 23024 --- [           main] o.hibernate.annotations.common.Version   : HCANN000001: Hibernate Commons Annotations {5.1.2.Final}
2025-10-21 19:32:40.243  INFO 23024 --- [           main] com.zaxxer.hikari.HikariDataSource       : HikariPool-1 - Starting...
2025-10-21 19:32:40.491  INFO 23024 --- [           main] com.zaxxer.hikari.HikariDataSource       : HikariPool-1 - Start completed.
2025-10-21 19:32:40.515  INFO 23024 --- [           main] org.hibernate.dialect.Dialect            : HHH000400: Using dialect: org.hibernate.dialect.H2Dialect
Hibernate: drop table if exists plats CASCADE 
Hibernate: drop table if exists restaurants CASCADE 
Hibernate: create table plats (id bigint generated by default as identity, name varchar(255), price double, restaurant_id bigint, primary key (id))
Hibernate: create table restaurants (id bigint generated by default as identity, name varchar(255), primary key (id))
Hibernate: alter table plats add constraint FKclwvkcur6u0b8h0wk7uhodj1o foreign key (restaurant_id) references restaurants
2025-10-21 19:32:41.143  INFO 23024 --- [           main] o.h.e.t.j.p.i.JtaPlatformInitiator       : HHH000490: Using JtaPlatform implementation: [org.hibernate.engine.transaction.jta.platform.internal.NoJtaPlatform]
2025-10-21 19:32:41.151  INFO 23024 --- [           main] j.LocalContainerEntityManagerFactoryBean : Initialized JPA EntityManagerFactory for persistence unit 'default'
2025-10-21 19:32:41.201  WARN 23024 --- [           main] o.s.w.c.s.GenericWebApplicationContext   : Exception encountered during context initialization - cancelling refresh attempt: org.springframework.beans.factory.UnsatisfiedDependencyException: Error creating bean with name 'com.speed_liv.menu.api.RestaurantController' defined in file [D:\IIT\3 EME\ARCHITECTURE ORIENTE SERVICE\TP1\menu_java\target\classes\com\speed_liv\menu\api\RestaurantController.class]: Unsatisfied dependency expressed through constructor parameter 0; nested exception is org.springframework.beans.factory.UnsatisfiedDependencyException: Error creating bean with name 'com.speed_liv.menu.service.RestaurantService' defined in file [D:\IIT\3 EME\ARCHITECTURE ORIENTE SERVICE\TP1\menu_java\target\classes\com\speed_liv\menu\service\RestaurantService.class]: Unsatisfied dependency expressed through constructor parameter 0; nested exception is org.springframework.beans.factory.NoSuchBeanDefinitionException: No qualifying bean of type 'com.speed_liv.menu.model.repository.RestaurantRepository' available: expected at least 1 bean which qualifies as autowire candidate. Dependency annotations: {}
2025-10-21 19:32:41.201  INFO 23024 --- [           main] j.LocalContainerEntityManagerFactoryBean : Closing JPA EntityManagerFactory for persistence unit 'default'
2025-10-21 19:32:41.201  INFO 23024 --- [           main] .SchemaDropperImpl$DelayedDropActionImpl : HHH000477: Starting delayed evictData of schema as part of SessionFactory shut-down'
Hibernate: drop table if exists plats CASCADE 
Hibernate: drop table if exists restaurants CASCADE 
2025-10-21 19:32:41.206  INFO 23024 --- [           main] com.zaxxer.hikari.HikariDataSource       : HikariPool-1 - Shutdown initiated...
2025-10-21 19:32:41.209  INFO 23024 --- [           main] com.zaxxer.hikari.HikariDataSource       : HikariPool-1 - Shutdown completed.
2025-10-21 19:32:41.216  INFO 23024 --- [           main] ConditionEvaluationReportLoggingListener : 

Error starting ApplicationContext. To display the conditions report re-run your application with 'debug' enabled.
2025-10-21 19:32:41.252 ERROR 23024 --- [           main] o.s.b.d.LoggingFailureAnalysisReporter   : 

***************************
APPLICATION FAILED TO START
***************************

Description:

Parameter 0 of constructor in com.speed_liv.menu.service.RestaurantService required a bean of type 'com.speed_liv.menu.model.repository.RestaurantRepository' that could not be found.


Action:

Consider defining a bean of type 'com.speed_liv.menu.model.repository.RestaurantRepository' in your configuration.

2025-10-21 19:32:41.258 ERROR 23024 --- [           main] o.s.test.context.TestContextManager      : Caught exception while allowing TestExecutionListener [org.springframework.test.context.web.ServletTestExecutionListener@38ba6ce3] to prepare test instance [org.openapitools.OpenApiGeneratorApplicationTests@b56d8a7]

java.lang.IllegalStateException: Failed to load ApplicationContext
	at org.springframework.test.context.cache.DefaultCacheAwareContextLoaderDelegate.loadContext(DefaultCacheAwareContextLoaderDelegate.java:98) ~[spring-test-5.3.29.jar:5.3.29]
	at org.springframework.test.context.support.DefaultTestContext.getApplicationContext(DefaultTestContext.java:124) ~[spring-test-5.3.29.jar:5.3.29]
	at org.springframework.test.context.web.ServletTestExecutionListener.setUpRequestContextIfNecessary(ServletTestExecutionListener.java:190) ~[spring-test-5.3.29.jar:5.3.29]
	at org.springframework.test.context.web.ServletTestExecutionListener.prepareTestInstance(ServletTestExecutionListener.java:132) ~[spring-test-5.3.29.jar:5.3.29]
	at org.springframework.test.context.TestContextManager.prepareTestInstance(TestContextManager.java:248) ~[spring-test-5.3.29.jar:5.3.29]
	at org.springframework.test.context.junit.jupiter.SpringExtension.postProcessTestInstance(SpringExtension.java:138) ~[spring-test-5.3.29.jar:5.3.29]
	at org.junit.jupiter.engine.descriptor.ClassBasedTestDescriptor.lambda$invokeTestInstancePostProcessors$8(ClassBasedTestDescriptor.java:363) ~[junit-jupiter-engine-5.8.2.jar:5.8.2]
	at org.junit.jupiter.engine.descriptor.ClassBasedTestDescriptor.executeAndMaskThrowable(ClassBasedTestDescriptor.java:368) ~[junit-jupiter-engine-5.8.2.jar:5.8.2]
	at org.junit.jupiter.engine.descriptor.ClassBasedTestDescriptor.lambda$invokeTestInstancePostProcessors$9(ClassBasedTestDescriptor.java:363) ~[junit-jupiter-engine-5.8.2.jar:5.8.2]
	at java.base/java.util.stream.ReferencePipeline$3$1.accept(ReferencePipeline.java:197) ~[na:na]
	at java.base/java.util.stream.ReferencePipeline$2$1.accept(ReferencePipeline.java:179) ~[na:na]
	at java.base/java.util.ArrayList$ArrayListSpliterator.forEachRemaining(ArrayList.java:1708) ~[na:na]
	at java.base/java.util.stream.AbstractPipeline.copyInto(AbstractPipeline.java:509) ~[na:na]
	at java.base/java.util.stream.AbstractPipeline.wrapAndCopyInto(AbstractPipeline.java:499) ~[na:na]
	at java.base/java.util.stream.StreamSpliterators$WrappingSpliterator.forEachRemaining(StreamSpliterators.java:310) ~[na:na]
	at java.base/java.util.stream.Streams$ConcatSpliterator.forEachRemaining(Streams.java:735) ~[na:na]
	at java.base/java.util.stream.Streams$ConcatSpliterator.forEachRemaining(Streams.java:734) ~[na:na]
	at java.base/java.util.stream.ReferencePipeline$Head.forEach(ReferencePipeline.java:762) ~[na:na]
	at org.junit.jupiter.engine.descriptor.ClassBasedTestDescriptor.invokeTestInstancePostProcessors(ClassBasedTestDescriptor.java:362) ~[junit-jupiter-engine-5.8.2.jar:5.8.2]
	at org.junit.jupiter.engine.descriptor.ClassBasedTestDescriptor.lambda$instantiateAndPostProcessTestInstance$6(ClassBasedTestDescriptor.java:283) ~[junit-jupiter-engine-5.8.2.jar:5.8.2]
	at org.junit.platform.engine.support.hierarchical.ThrowableCollector.execute(ThrowableCollector.java:73) ~[junit-platform-engine-1.8.2.jar:1.8.2]
	at org.junit.jupiter.engine.descriptor.ClassBasedTestDescriptor.instantiateAndPostProcessTestInstance(ClassBasedTestDescriptor.java:282) ~[junit-jupiter-engine-5.8.2.jar:5.8.2]
	at org.junit.jupiter.engine.descriptor.ClassBasedTestDescriptor.lambda$testInstancesProvider$4(ClassBasedTestDescriptor.java:272) ~[junit-jupiter-engine-5.8.2.jar:5.8.2]
	at java.base/java.util.Optional.orElseGet(Optional.java:364) ~[na:na]
	at org.junit.jupiter.engine.descriptor.ClassBasedTestDescriptor.lambda$testInstancesProvider$5(ClassBasedTestDescriptor.java:271) ~[junit-jupiter-engine-5.8.2.jar:5.8.2]
	at org.junit.jupiter.engine.execution.TestInstancesProvider.getTestInstances(TestInstancesProvider.java:31) ~[junit-jupiter-engine-5.8.2.jar:5.8.2]
	at org.junit.jupiter.engine.descriptor.TestMethodTestDescriptor.lambda$prepare$0(TestMethodTestDescriptor.java:102) ~[junit-jupiter-engine-5.8.2.jar:5.8.2]
	at org.junit.platform.engine.support.hierarchical.ThrowableCollector.execute(ThrowableCollector.java:73) ~[junit-platform-engine-1.8.2.jar:1.8.2]
	at org.junit.jupiter.engine.descriptor.TestMethodTestDescriptor.prepare(TestMethodTestDescriptor.java:101) ~[junit-jupiter-engine-5.8.2.jar:5.8.2]
	at org.junit.jupiter.engine.descriptor.TestMethodTestDescriptor.prepare(TestMethodTestDescriptor.java:66) ~[junit-jupiter-engine-5.8.2.jar:5.8.2]
	at org.junit.platform.engine.support.hierarchical.NodeTestTask.lambda$prepare$2(NodeTestTask.java:123) ~[junit-platform-engine-1.8.2.jar:1.8.2]
	at org.junit.platform.engine.support.hierarchical.ThrowableCollector.execute(ThrowableCollector.java:73) ~[junit-platform-engine-1.8.2.jar:1.8.2]
	at org.junit.platform.engine.support.hierarchical.NodeTestTask.prepare(NodeTestTask.java:123) ~[junit-platform-engine-1.8.2.jar:1.8.2]
	at org.junit.platform.engine.support.hierarchical.NodeTestTask.execute(NodeTestTask.java:90) ~[junit-platform-engine-1.8.2.jar:1.8.2]
	at java.base/java.util.ArrayList.forEach(ArrayList.java:1596) ~[na:na]
	at org.junit.platform.engine.support.hierarchical.SameThreadHierarchicalTestExecutorService.invokeAll(SameThreadHierarchicalTestExecutorService.java:41) ~[junit-platform-engine-1.8.2.jar:1.8.2]
	at org.junit.platform.engine.support.hierarchical.NodeTestTask.lambda$executeRecursively$6(NodeTestTask.java:155) ~[junit-platform-engine-1.8.2.jar:1.8.2]
	at org.junit.platform.engine.support.hierarchical.ThrowableCollector.execute(ThrowableCollector.java:73) ~[junit-platform-engine-1.8.2.jar:1.8.2]
	at org.junit.platform.engine.support.hierarchical.NodeTestTask.lambda$executeRecursively$8(NodeTestTask.java:141) ~[junit-platform-engine-1.8.2.jar:1.8.2]
	at org.junit.platform.engine.support.hierarchical.Node.around(Node.java:137) ~[junit-platform-engine-1.8.2.jar:1.8.2]
	at org.junit.platform.engine.support.hierarchical.NodeTestTask.lambda$executeRecursively$9(NodeTestTask.java:139) ~[junit-platform-engine-1.8.2.jar:1.8.2]
	at org.junit.platform.engine.support.hierarchical.ThrowableCollector.execute(ThrowableCollector.java:73) ~[junit-platform-engine-1.8.2.jar:1.8.2]
	at org.junit.platform.engine.support.hierarchical.NodeTestTask.executeRecursively(NodeTestTask.java:138) ~[junit-platform-engine-1.8.2.jar:1.8.2]
	at org.junit.platform.engine.support.hierarchical.NodeTestTask.execute(NodeTestTask.java:95) ~[junit-platform-engine-1.8.2.jar:1.8.2]
	at java.base/java.util.ArrayList.forEach(ArrayList.java:1596) ~[na:na]
	at org.junit.platform.engine.support.hierarchical.SameThreadHierarchicalTestExecutorService.invokeAll(SameThreadHierarchicalTestExecutorService.java:41) ~[junit-platform-engine-1.8.2.jar:1.8.2]
	at org.junit.platform.engine.support.hierarchical.NodeTestTask.lambda$executeRecursively$6(NodeTestTask.java:155) ~[junit-platform-engine-1.8.2.jar:1.8.2]
	at org.junit.platform.engine.support.hierarchical.ThrowableCollector.execute(ThrowableCollector.java:73) ~[junit-platform-engine-1.8.2.jar:1.8.2]
	at org.junit.platform.engine.support.hierarchical.NodeTestTask.lambda$executeRecursively$8(NodeTestTask.java:141) ~[junit-platform-engine-1.8.2.jar:1.8.2]
	at org.junit.platform.engine.support.hierarchical.Node.around(Node.java:137) ~[junit-platform-engine-1.8.2.jar:1.8.2]
	at org.junit.platform.engine.support.hierarchical.NodeTestTask.lambda$executeRecursively$9(NodeTestTask.java:139) ~[junit-platform-engine-1.8.2.jar:1.8.2]
	at org.junit.platform.engine.support.hierarchical.ThrowableCollector.execute(ThrowableCollector.java:73) ~[junit-platform-engine-1.8.2.jar:1.8.2]
	at org.junit.platform.engine.support.hierarchical.NodeTestTask.executeRecursively(NodeTestTask.java:138) ~[junit-platform-engine-1.8.2.jar:1.8.2]
	at org.junit.platform.engine.support.hierarchical.NodeTestTask.execute(NodeTestTask.java:95) ~[junit-platform-engine-1.8.2.jar:1.8.2]
	at org.junit.platform.engine.support.hierarchical.SameThreadHierarchicalTestExecutorService.submit(SameThreadHierarchicalTestExecutorService.java:35) ~[junit-platform-engine-1.8.2.jar:1.8.2]
	at org.junit.platform.engine.support.hierarchical.HierarchicalTestExecutor.execute(HierarchicalTestExecutor.java:57) ~[junit-platform-engine-1.8.2.jar:1.8.2]
	at org.junit.platform.engine.support.hierarchical.HierarchicalTestEngine.execute(HierarchicalTestEngine.java:54) ~[junit-platform-engine-1.8.2.jar:1.8.2]
	at org.junit.platform.launcher.core.DefaultLauncher.execute(DefaultLauncher.java:220) ~[junit-platform-launcher-1.3.1.jar:1.3.1]
	at org.junit.platform.launcher.core.DefaultLauncher.lambda$execute$6(DefaultLauncher.java:188) ~[junit-platform-launcher-1.3.1.jar:1.3.1]
	at org.junit.platform.launcher.core.DefaultLauncher.withInterceptedStreams(DefaultLauncher.java:202) ~[junit-platform-launcher-1.3.1.jar:1.3.1]
	at org.junit.platform.launcher.core.DefaultLauncher.execute(DefaultLauncher.java:181) ~[junit-platform-launcher-1.3.1.jar:1.3.1]
	at org.junit.platform.launcher.core.DefaultLauncher.execute(DefaultLauncher.java:128) ~[junit-platform-launcher-1.3.1.jar:1.3.1]
	at org.apache.maven.surefire.junitplatform.JUnitPlatformProvider.invokeAllTests(JUnitPlatformProvider.java:150) ~[surefire-junit-platform-2.22.2.jar:2.22.2]
	at org.apache.maven.surefire.junitplatform.JUnitPlatformProvider.invoke(JUnitPlatformProvider.java:124) ~[surefire-junit-platform-2.22.2.jar:2.22.2]
	at org.apache.maven.surefire.booter.ForkedBooter.invokeProviderInSameClassLoader(ForkedBooter.java:384) ~[surefire-booter-2.22.2.jar:2.22.2]
	at org.apache.maven.surefire.booter.ForkedBooter.runSuitesInProcess(ForkedBooter.java:345) ~[surefire-booter-2.22.2.jar:2.22.2]
	at org.apache.maven.surefire.booter.ForkedBooter.execute(ForkedBooter.java:126) ~[surefire-booter-2.22.2.jar:2.22.2]
	at org.apache.maven.surefire.booter.ForkedBooter.main(ForkedBooter.java:418) ~[surefire-booter-2.22.2.jar:2.22.2]
Caused by: org.springframework.beans.factory.UnsatisfiedDependencyException: Error creating bean with name 'com.speed_liv.menu.api.RestaurantController' defined in file [D:\IIT\3 EME\ARCHITECTURE ORIENTE SERVICE\TP1\menu_java\target\classes\com\speed_liv\menu\api\RestaurantController.class]: Unsatisfied dependency expressed through constructor parameter 0; nested exception is org.springframework.beans.factory.UnsatisfiedDependencyException: Error creating bean with name 'com.speed_liv.menu.service.RestaurantService' defined in file [D:\IIT\3 EME\ARCHITECTURE ORIENTE SERVICE\TP1\menu_java\target\classes\com\speed_liv\menu\service\RestaurantService.class]: Unsatisfied dependency expressed through constructor parameter 0; nested exception is org.springframework.beans.factory.NoSuchBeanDefinitionException: No qualifying bean of type 'com.speed_liv.menu.model.repository.RestaurantRepository' available: expected at least 1 bean which qualifies as autowire candidate. Dependency annotations: {}
	at org.springframework.beans.factory.support.ConstructorResolver.createArgumentArray(ConstructorResolver.java:800) ~[spring-beans-5.3.29.jar:5.3.29]
	at org.springframework.beans.factory.support.ConstructorResolver.autowireConstructor(ConstructorResolver.java:229) ~[spring-beans-5.3.29.jar:5.3.29]
	at org.springframework.beans.factory.support.AbstractAutowireCapableBeanFactory.autowireConstructor(AbstractAutowireCapableBeanFactory.java:1372) ~[spring-beans-5.3.29.jar:5.3.29]
	at org.springframework.beans.factory.support.AbstractAutowireCapableBeanFactory.createBeanInstance(AbstractAutowireCapableBeanFactory.java:1222) ~[spring-beans-5.3.29.jar:5.3.29]
	at org.springframework.beans.factory.support.AbstractAutowireCapableBeanFactory.doCreateBean(AbstractAutowireCapableBeanFactory.java:582) ~[spring-beans-5.3.29.jar:5.3.29]
	at org.springframework.beans.factory.support.AbstractAutowireCapableBeanFactory.createBean(AbstractAutowireCapableBeanFactory.java:542) ~[spring-beans-5.3.29.jar:5.3.29]
	at org.springframework.beans.factory.support.AbstractBeanFactory.lambda$doGetBean$0(AbstractBeanFactory.java:335) ~[spring-beans-5.3.29.jar:5.3.29]
	at org.springframework.beans.factory.support.DefaultSingletonBeanRegistry.getSingleton(DefaultSingletonBeanRegistry.java:234) ~[spring-beans-5.3.29.jar:5.3.29]
	at org.springframework.beans.factory.support.AbstractBeanFactory.doGetBean(AbstractBeanFactory.java:333) ~[spring-beans-5.3.29.jar:5.3.29]
	at org.springframework.beans.factory.support.AbstractBeanFactory.getBean(AbstractBeanFactory.java:208) ~[spring-beans-5.3.29.jar:5.3.29]
	at org.springframework.beans.factory.support.DefaultListableBeanFactory.preInstantiateSingletons(DefaultListableBeanFactory.java:955) ~[spring-beans-5.3.29.jar:5.3.29]
	at org.springframework.context.support.AbstractApplicationContext.finishBeanFactoryInitialization(AbstractApplicationContext.java:921) ~[spring-context-5.3.29.jar:5.3.29]
	at org.springframework.context.support.AbstractApplicationContext.refresh(AbstractApplicationContext.java:583) ~[spring-context-5.3.29.jar:5.3.29]
	at org.springframework.boot.SpringApplication.refresh(SpringApplication.java:731) ~[spring-boot-2.7.15.jar:2.7.15]
	at org.springframework.boot.SpringApplication.refreshContext(SpringApplication.java:408) ~[spring-boot-2.7.15.jar:2.7.15]
	at org.springframework.boot.SpringApplication.run(SpringApplication.java:307) ~[spring-boot-2.7.15.jar:2.7.15]
	at org.springframework.boot.test.context.SpringBootContextLoader.loadContext(SpringBootContextLoader.java:136) ~[spring-boot-test-2.7.15.jar:2.7.15]
	at org.springframework.test.context.cache.DefaultCacheAwareContextLoaderDelegate.loadContextInternal(DefaultCacheAwareContextLoaderDelegate.java:141) ~[spring-test-5.3.29.jar:5.3.29]
	at org.springframework.test.context.cache.DefaultCacheAwareContextLoaderDelegate.loadContext(DefaultCacheAwareContextLoaderDelegate.java:90) ~[spring-test-5.3.29.jar:5.3.29]
	... 67 common frames omitted
Caused by: org.springframework.beans.factory.UnsatisfiedDependencyException: Error creating bean with name 'com.speed_liv.menu.service.RestaurantService' defined in file [D:\IIT\3 EME\ARCHITECTURE ORIENTE SERVICE\TP1\menu_java\target\classes\com\speed_liv\menu\service\RestaurantService.class]: Unsatisfied dependency expressed through constructor parameter 0; nested exception is org.springframework.beans.factory.NoSuchBeanDefinitionException: No qualifying bean of type 'com.speed_liv.menu.model.repository.RestaurantRepository' available: expected at least 1 bean which qualifies as autowire candidate. Dependency annotations: {}
	at org.springframework.beans.factory.support.ConstructorResolver.createArgumentArray(ConstructorResolver.java:800) ~[spring-beans-5.3.29.jar:5.3.29]
	at org.springframework.beans.factory.support.ConstructorResolver.autowireConstructor(ConstructorResolver.java:229) ~[spring-beans-5.3.29.jar:5.3.29]
	at org.springframework.beans.factory.support.AbstractAutowireCapableBeanFactory.autowireConstructor(AbstractAutowireCapableBeanFactory.java:1372) ~[spring-beans-5.3.29.jar:5.3.29]
	at org.springframework.beans.factory.support.AbstractAutowireCapableBeanFactory.createBeanInstance(AbstractAutowireCapableBeanFactory.java:1222) ~[spring-beans-5.3.29.jar:5.3.29]
	at org.springframework.beans.factory.support.AbstractAutowireCapableBeanFactory.doCreateBean(AbstractAutowireCapableBeanFactory.java:582) ~[spring-beans-5.3.29.jar:5.3.29]
	at org.springframework.beans.factory.support.AbstractAutowireCapableBeanFactory.createBean(AbstractAutowireCapableBeanFactory.java:542) ~[spring-beans-5.3.29.jar:5.3.29]
	at org.springframework.beans.factory.support.AbstractBeanFactory.lambda$doGetBean$0(AbstractBeanFactory.java:335) ~[spring-beans-5.3.29.jar:5.3.29]
	at org.springframework.beans.factory.support.DefaultSingletonBeanRegistry.getSingleton(DefaultSingletonBeanRegistry.java:234) ~[spring-beans-5.3.29.jar:5.3.29]
	at org.springframework.beans.factory.support.AbstractBeanFactory.doGetBean(AbstractBeanFactory.java:333) ~[spring-beans-5.3.29.jar:5.3.29]
	at org.springframework.beans.factory.support.AbstractBeanFactory.getBean(AbstractBeanFactory.java:208) ~[spring-beans-5.3.29.jar:5.3.29]
	at org.springframework.beans.factory.config.DependencyDescriptor.resolveCandidate(DependencyDescriptor.java:276) ~[spring-beans-5.3.29.jar:5.3.29]
	at org.springframework.beans.factory.support.DefaultListableBeanFactory.doResolveDependency(DefaultListableBeanFactory.java:1391) ~[spring-beans-5.3.29.jar:5.3.29]
	at org.springframework.beans.factory.support.DefaultListableBeanFactory.resolveDependency(DefaultListableBeanFactory.java:1311) ~[spring-beans-5.3.29.jar:5.3.29]
	at org.springframework.beans.factory.support.ConstructorResolver.resolveAutowiredArgument(ConstructorResolver.java:887) ~[spring-beans-5.3.29.jar:5.3.29]
	at org.springframework.beans.factory.support.ConstructorResolver.createArgumentArray(ConstructorResolver.java:791) ~[spring-beans-5.3.29.jar:5.3.29]
	... 85 common frames omitted
Caused by: org.springframework.beans.factory.NoSuchBeanDefinitionException: No qualifying bean of type 'com.speed_liv.menu.model.repository.RestaurantRepository' available: expected at least 1 bean which qualifies as autowire candidate. Dependency annotations: {}
	at org.springframework.beans.factory.support.DefaultListableBeanFactory.raiseNoMatchingBeanFound(DefaultListableBeanFactory.java:1801) ~[spring-beans-5.3.29.jar:5.3.29]
	at org.springframework.beans.factory.support.DefaultListableBeanFactory.doResolveDependency(DefaultListableBeanFactory.java:1357) ~[spring-beans-5.3.29.jar:5.3.29]
	at org.springframework.beans.factory.support.DefaultListableBeanFactory.resolveDependency(DefaultListableBeanFactory.java:1311) ~[spring-beans-5.3.29.jar:5.3.29]
	at org.springframework.beans.factory.support.ConstructorResolver.resolveAutowiredArgument(ConstructorResolver.java:887) ~[spring-beans-5.3.29.jar:5.3.29]
	at org.springframework.beans.factory.support.ConstructorResolver.createArgumentArray(ConstructorResolver.java:791) ~[spring-beans-5.3.29.jar:5.3.29]
	... 99 common frames omitted

]]></system-out>
  </testcase>
</testsuite>